Wed Jun 15 12:04:20 DST 2022
06-15-2022 16:04:20 UTC Go Responsiveness to rpm.obs.cr:4043...
Download:  28.455 Mbps (  3.557 MBps), using 12 parallel connections.
Upload:    29.222 Mbps (  3.653 MBps), using 20 parallel connections.
Total measurements: 15
RPM:   222
Wed Jun 15 12:04:49 DST 2022
06-15-2022 16:04:49 UTC Go Responsiveness to rpm.obs.cr:4043...
Download:  27.233 Mbps (  3.404 MBps), using 12 parallel connections.
Upload:    22.369 Mbps (  2.796 MBps), using 12 parallel connections.
Total measurements: 15
RPM:   212
Wed Jun 15 12:05:28 DST 2022
06-15-2022 16:05:28 UTC Go Responsiveness to rpm.obs.cr:4043...
Download:  28.477 Mbps (  3.560 MBps), using 12 parallel connections.
Upload:    28.147 Mbps (  3.518 MBps), using 12 parallel connections.
Total measurements: 15
RPM:   286
Wed Jun 15 12:05:47 DST 2022
06-15-2022 16:05:47 UTC Go Responsiveness to rpm.obs.cr:4043...
Download:  29.448 Mbps (  3.681 MBps), using 16 parallel connections.
Upload:    26.157 Mbps (  3.270 MBps), using 12 parallel connections.
Total measurements: 15
RPM:   209
Wed Jun 15 12:06:22 DST 2022
06-15-2022 16:06:22 UTC Go Responsiveness to rpm.obs.cr:4043...
Download:  28.189 Mbps (  3.524 MBps), using 12 parallel connections.
Upload:    28.140 Mbps (  3.517 MBps), using 12 parallel connections.
Total measurements: 15
RPM:   290
Wed Jun 15 12:06:58 DST 2022
06-15-2022 16:06:58 UTC Go Responsiveness to rpm.obs.cr:4043...
Download:  27.230 Mbps (  3.404 MBps), using 12 parallel connections.
Upload:    27.563 Mbps (  3.445 MBps), using 16 parallel connections.
Total measurements: 15
RPM:   218
Wed Jun 15 12:07:25 DST 2022
06-15-2022 16:07:25 UTC Go Responsiveness to rpm.obs.cr:4043...
Download:  29.278 Mbps (  3.660 MBps), using 12 parallel connections.
Upload:    28.219 Mbps (  3.527 MBps), using 12 parallel connections.
Total measurements: 15
RPM:   245
Wed Jun 15 12:07:46 DST 2022
06-15-2022 16:07:46 UTC Go Responsiveness to rpm.obs.cr:4043...
Download:  29.489 Mbps (  3.686 MBps), using 20 parallel connections.
Upload:    28.249 Mbps (  3.531 MBps), using 12 parallel connections.
Total measurements: 15
RPM:   205
Wed Jun 15 12:08:23 DST 2022
06-15-2022 16:08:23 UTC Go Responsiveness to rpm.obs.cr:4043...
Download:  31.594 Mbps (  3.949 MBps), using 20 parallel connections.
Upload:    24.189 Mbps (  3.024 MBps), using 12 parallel connections.
Total measurements: 15
RPM:   216
Wed Jun 15 12:08:51 DST 2022
06-15-2022 16:08:51 UTC Go Responsiveness to rpm.obs.cr:4043...
Download:  33.589 Mbps (  4.199 MBps), using 20 parallel connections.
Upload:    22.833 Mbps (  2.854 MBps), using 12 parallel connections.
Total measurements: 15
RPM:   193
Wed Jun 15 12:09:19 DST 2022
06-15-2022 16:09:19 UTC Go Responsiveness to rpm.obs.cr:4043...
Download:  30.583 Mbps (  3.823 MBps), using 12 parallel connections.
Upload:    37.328 Mbps (  4.666 MBps), using 28 parallel connections.
Total measurements: 15
RPM:   160
Wed Jun 15 12:10:04 DST 2022
06-15-2022 16:10:04 UTC Go Responsiveness to rpm.obs.cr:4043...
Download:  31.096 Mbps (  3.887 MBps), using 16 parallel connections.
Upload:    25.981 Mbps (  3.248 MBps), using 20 parallel connections.
Total measurements: 15
RPM:   210
Wed Jun 15 12:10:29 DST 2022
06-15-2022 16:10:30 UTC Go Responsiveness to rpm.obs.cr:4043...
Download:  28.907 Mbps (  3.613 MBps), using 12 parallel connections.
Upload:    28.122 Mbps (  3.515 MBps), using 12 parallel connections.
Total measurements: 15
RPM:   211
Wed Jun 15 12:10:51 DST 2022
06-15-2022 16:10:51 UTC Go Responsiveness to rpm.obs.cr:4043...
Download:  28.987 Mbps (  3.623 MBps), using 12 parallel connections.
Upload:    27.670 Mbps (  3.459 MBps), using 12 parallel connections.
Total measurements: 15
RPM:   265
Wed Jun 15 12:11:11 DST 2022
06-15-2022 16:11:12 UTC Go Responsiveness to rpm.obs.cr:4043...
Download:  28.043 Mbps (  3.505 MBps), using 12 parallel connections.
Upload:    27.867 Mbps (  3.483 MBps), using 12 parallel connections.
Total measurements: 15
RPM:   256
Wed Jun 15 12:11:33 DST 2022
06-15-2022 16:11:33 UTC Go Responsiveness to rpm.obs.cr:4043...
Download:  28.437 Mbps (  3.555 MBps), using 12 parallel connections.
Upload:    28.193 Mbps (  3.524 MBps), using 12 parallel connections.
Total measurements: 15
RPM:   273
Wed Jun 15 12:11:56 DST 2022
06-15-2022 16:11:56 UTC Go Responsiveness to rpm.obs.cr:4043...
Download:  28.829 Mbps (  3.604 MBps), using 12 parallel connections.
Upload:    27.704 Mbps (  3.463 MBps), using 12 parallel connections.
Total measurements: 15
RPM:   257
Wed Jun 15 12:12:29 DST 2022
06-15-2022 16:12:29 UTC Go Responsiveness to rpm.obs.cr:4043...
Download:  32.417 Mbps (  4.052 MBps), using 16 parallel connections.
Upload:    26.233 Mbps (  3.279 MBps), using 20 parallel connections.
Total measurements: 15
RPM:   187
Wed Jun 15 12:13:14 DST 2022
06-15-2022 16:13:15 UTC Go Responsiveness to rpm.obs.cr:4043...
Download:  27.147 Mbps (  3.393 MBps), using 12 parallel connections.
Upload:    26.937 Mbps (  3.367 MBps), using 12 parallel connections.
Total measurements: 15
RPM:   276
Wed Jun 15 12:13:35 DST 2022
06-15-2022 16:13:35 UTC Go Responsiveness to rpm.obs.cr:4043...
Download:  32.272 Mbps (  4.034 MBps), using 20 parallel connections.
Upload:    22.344 Mbps (  2.793 MBps), using 12 parallel connections.
Total measurements: 15
RPM:   202
Wed Jun 15 12:14:19 DST 2022
06-15-2022 16:14:20 UTC Go Responsiveness to rpm.obs.cr:4043...
Download:  25.945 Mbps (  3.243 MBps), using 12 parallel connections.
Upload:    30.949 Mbps (  3.869 MBps), using 16 parallel connections.
Total measurements: 15
RPM:   222
Wed Jun 15 12:14:43 DST 2022
06-15-2022 16:14:43 UTC Go Responsiveness to rpm.obs.cr:4043...
Download:  32.540 Mbps (  4.067 MBps), using 16 parallel connections.
Upload:    25.422 Mbps (  3.178 MBps), using 16 parallel connections.
Total measurements: 15
RPM:   207
Wed Jun 15 12:15:26 DST 2022
06-15-2022 16:15:26 UTC Go Responsiveness to rpm.obs.cr:4043...
Download:  33.137 Mbps (  4.142 MBps), using 20 parallel connections.
Upload:    23.550 Mbps (  2.944 MBps), using 12 parallel connections.
Total measurements: 15
RPM:   169
Wed Jun 15 12:15:56 DST 2022
06-15-2022 16:15:56 UTC Go Responsiveness to rpm.obs.cr:4043...
Download:  29.373 Mbps (  3.672 MBps), using 12 parallel connections.
Upload:    27.774 Mbps (  3.472 MBps), using 12 parallel connections.
Total measurements: 15
RPM:   306
Wed Jun 15 12:16:15 DST 2022
06-15-2022 16:16:15 UTC Go Responsiveness to rpm.obs.cr:4043...
Download:  32.878 Mbps (  4.110 MBps), using 20 parallel connections.
Upload:    21.314 Mbps (  2.664 MBps), using 12 parallel connections.
Total measurements: 15
RPM:   220
Wed Jun 15 12:16:51 DST 2022
06-15-2022 16:16:51 UTC Go Responsiveness to rpm.obs.cr:4043...
Download:  34.852 Mbps (  4.357 MBps), using 36 parallel connections.
Upload:    27.917 Mbps (  3.490 MBps), using 16 parallel connections.
Total measurements: 15
RPM:   137
Wed Jun 15 12:17:37 DST 2022
06-15-2022 16:17:37 UTC Go Responsiveness to rpm.obs.cr:4043...
Download:  31.034 Mbps (  3.879 MBps), using 12 parallel connections.
Upload:    23.975 Mbps (  2.997 MBps), using 12 parallel connections.
Total measurements: 15
RPM:   310
Wed Jun 15 12:17:58 DST 2022
06-15-2022 16:17:58 UTC Go Responsiveness to rpm.obs.cr:4043...
Download:  29.031 Mbps (  3.629 MBps), using 12 parallel connections.
Upload:    27.574 Mbps (  3.447 MBps), using 12 parallel connections.
Total measurements: 15
RPM:   284
Wed Jun 15 12:18:19 DST 2022
06-15-2022 16:18:19 UTC Go Responsiveness to rpm.obs.cr:4043...
Download:  25.453 Mbps (  3.182 MBps), using 12 parallel connections.
Upload:    28.405 Mbps (  3.551 MBps), using 16 parallel connections.
Total measurements: 15
RPM:   230
Wed Jun 15 12:18:55 DST 2022
06-15-2022 16:18:55 UTC Go Responsiveness to rpm.obs.cr:4043...
Download:  26.699 Mbps (  3.337 MBps), using 12 parallel connections.
Upload:    28.372 Mbps (  3.547 MBps), using 16 parallel connections.
Total measurements: 15
RPM:   212
Wed Jun 15 12:19:23 DST 2022
06-15-2022 16:19:23 UTC Go Responsiveness to rpm.obs.cr:4043...
Download:  27.099 Mbps (  3.387 MBps), using 12 parallel connections.
Upload:    26.363 Mbps (  3.295 MBps), using 16 parallel connections.
Total measurements: 15
RPM:   251
Wed Jun 15 12:19:49 DST 2022
06-15-2022 16:19:49 UTC Go Responsiveness to rpm.obs.cr:4043...
Download:  33.075 Mbps (  4.134 MBps), using 20 parallel connections.
Upload:    23.070 Mbps (  2.884 MBps), using 12 parallel connections.
Total measurements: 15
RPM:   169
Wed Jun 15 12:20:16 DST 2022
06-15-2022 16:20:16 UTC Go Responsiveness to rpm.obs.cr:4043...
Download:  31.225 Mbps (  3.903 MBps), using 16 parallel connections.
Upload:    24.592 Mbps (  3.074 MBps), using 12 parallel connections.
Total measurements: 15
RPM:   228
Wed Jun 15 12:20:37 DST 2022
06-15-2022 16:20:37 UTC Go Responsiveness to rpm.obs.cr:4043...
Download:  26.990 Mbps (  3.374 MBps), using 12 parallel connections.
Upload:    27.263 Mbps (  3.408 MBps), using 16 parallel connections.
Total measurements: 15
RPM:   250
Wed Jun 15 12:21:02 DST 2022
06-15-2022 16:21:02 UTC Go Responsiveness to rpm.obs.cr:4043...
Download:  31.444 Mbps (  3.931 MBps), using 16 parallel connections.
Upload:    24.649 Mbps (  3.081 MBps), using 12 parallel connections.
Total measurements: 15
RPM:   193
Wed Jun 15 12:21:37 DST 2022
06-15-2022 16:21:37 UTC Go Responsiveness to rpm.obs.cr:4043...
Download:  28.119 Mbps (  3.515 MBps), using 12 parallel connections.
Upload:    27.057 Mbps (  3.382 MBps), using 16 parallel connections.
Total measurements: 15
RPM:   199
Wed Jun 15 12:22:04 DST 2022
06-15-2022 16:22:04 UTC Go Responsiveness to rpm.obs.cr:4043...
Download:  32.766 Mbps (  4.096 MBps), using 20 parallel connections.
Upload:    22.296 Mbps (  2.787 MBps), using 12 parallel connections.
Total measurements: 15
RPM:   175
Wed Jun 15 12:22:33 DST 2022
06-15-2022 16:22:33 UTC Go Responsiveness to rpm.obs.cr:4043...
Download:  27.692 Mbps (  3.461 MBps), using 12 parallel connections.
Upload:    28.310 Mbps (  3.539 MBps), using 12 parallel connections.
Total measurements: 15
RPM:   249
Wed Jun 15 12:23:13 DST 2022
06-15-2022 16:23:13 UTC Go Responsiveness to rpm.obs.cr:4043...
Download:  31.798 Mbps (  3.975 MBps), using 16 parallel connections.
Upload:    26.410 Mbps (  3.301 MBps), using 20 parallel connections.
Total measurements: 15
RPM:   138
Wed Jun 15 12:23:42 DST 2022
06-15-2022 16:23:42 UTC Go Responsiveness to rpm.obs.cr:4043...
Download:  28.712 Mbps (  3.589 MBps), using 12 parallel connections.
Upload:    27.088 Mbps (  3.386 MBps), using 12 parallel connections.
Total measurements: 15
RPM:   239
Wed Jun 15 12:24:14 DST 2022
06-15-2022 16:24:14 UTC Go Responsiveness to rpm.obs.cr:4043...
Download:  28.591 Mbps (  3.574 MBps), using 12 parallel connections.
Upload:    27.986 Mbps (  3.498 MBps), using 12 parallel connections.
Total measurements: 15
RPM:   201
Wed Jun 15 12:24:36 DST 2022
06-15-2022 16:24:36 UTC Go Responsiveness to rpm.obs.cr:4043...
Download:  28.986 Mbps (  3.623 MBps), using 12 parallel connections.
Upload:    27.397 Mbps (  3.425 MBps), using 12 parallel connections.
Total measurements: 15
RPM:   240
Wed Jun 15 12:25:00 DST 2022
06-15-2022 16:25:00 UTC Go Responsiveness to rpm.obs.cr:4043...
Download:  26.855 Mbps (  3.357 MBps), using 12 parallel connections.
Upload:    27.644 Mbps (  3.456 MBps), using 16 parallel connections.
Total measurements: 15
RPM:   221
Wed Jun 15 12:25:23 DST 2022
06-15-2022 16:25:23 UTC Go Responsiveness to rpm.obs.cr:4043...
Download:  28.246 Mbps (  3.531 MBps), using 12 parallel connections.
Upload:    26.991 Mbps (  3.374 MBps), using 12 parallel connections.
Total measurements: 15
RPM:   270
Wed Jun 15 12:25:46 DST 2022
06-15-2022 16:25:47 UTC Go Responsiveness to rpm.obs.cr:4043...
Download:  28.857 Mbps (  3.607 MBps), using 12 parallel connections.
Upload:    27.407 Mbps (  3.426 MBps), using 12 parallel connections.
Total measurements: 15
RPM:   284
Wed Jun 15 12:26:07 DST 2022
06-15-2022 16:26:07 UTC Go Responsiveness to rpm.obs.cr:4043...
Download:  28.691 Mbps (  3.586 MBps), using 12 parallel connections.
Upload:    27.442 Mbps (  3.430 MBps), using 12 parallel connections.
Total measurements: 15
RPM:   336
Wed Jun 15 12:26:41 DST 2022
06-15-2022 16:26:41 UTC Go Responsiveness to rpm.obs.cr:4043...
Download:  30.326 Mbps (  3.791 MBps), using 12 parallel connections.
Upload:    26.031 Mbps (  3.254 MBps), using 12 parallel connections.
Total measurements: 15
RPM:   202
Wed Jun 15 12:27:06 DST 2022
06-15-2022 16:27:06 UTC Go Responsiveness to rpm.obs.cr:4043...
Download:  28.687 Mbps (  3.586 MBps), using 12 parallel connections.
Upload:    28.070 Mbps (  3.509 MBps), using 12 parallel connections.
Total measurements: 15
RPM:   270
Wed Jun 15 12:27:42 DST 2022
06-15-2022 16:27:42 UTC Go Responsiveness to rpm.obs.cr:4043...
Download:  29.716 Mbps (  3.715 MBps), using 12 parallel connections.
Upload:    27.561 Mbps (  3.445 MBps), using 12 parallel connections.
Total measurements: 15
RPM:   292
Wed Jun 15 12:28:04 DST 2022
06-15-2022 16:28:05 UTC Go Responsiveness to rpm.obs.cr:4043...
Download:  29.511 Mbps (  3.689 MBps), using 12 parallel connections.
Upload:    27.870 Mbps (  3.484 MBps), using 12 parallel connections.
Total measurements: 15
RPM:   277
Wed Jun 15 12:28:28 DST 2022
06-15-2022 16:28:28 UTC Go Responsiveness to rpm.obs.cr:4043...
Download:  28.698 Mbps (  3.587 MBps), using 12 parallel connections.
Upload:    27.815 Mbps (  3.477 MBps), using 12 parallel connections.
Total measurements: 15
RPM:   325
Wed Jun 15 12:29:03 DST 2022
06-15-2022 16:29:03 UTC Go Responsiveness to rpm.obs.cr:4043...
Download:  31.317 Mbps (  3.915 MBps), using 20 parallel connections.
Upload:    24.335 Mbps (  3.042 MBps), using 12 parallel connections.
Total measurements: 15
RPM:   213
Wed Jun 15 12:29:40 DST 2022
06-15-2022 16:29:40 UTC Go Responsiveness to rpm.obs.cr:4043...
Download:  33.276 Mbps (  4.160 MBps), using 20 parallel connections.
Upload:    22.595 Mbps (  2.824 MBps), using 12 parallel connections.
Total measurements: 15
RPM:   225
Wed Jun 15 12:30:05 DST 2022
06-15-2022 16:30:05 UTC Go Responsiveness to rpm.obs.cr:4043...
Download:  32.796 Mbps (  4.099 MBps), using 20 parallel connections.
Upload:    24.398 Mbps (  3.050 MBps), using 12 parallel connections.
Total measurements: 15
RPM:   182
Wed Jun 15 12:30:33 DST 2022
06-15-2022 16:30:33 UTC Go Responsiveness to rpm.obs.cr:4043...
Download:  26.138 Mbps (  3.267 MBps), using 12 parallel connections.
Upload:    29.226 Mbps (  3.653 MBps), using 16 parallel connections.
Total measurements: 15
RPM:   202
Wed Jun 15 12:31:16 DST 2022
06-15-2022 16:31:17 UTC Go Responsiveness to rpm.obs.cr:4043...
Download:  28.561 Mbps (  3.570 MBps), using 12 parallel connections.
Upload:    26.565 Mbps (  3.321 MBps), using 16 parallel connections.
Total measurements: 15
RPM:   263
Wed Jun 15 12:31:40 DST 2022
06-15-2022 16:31:40 UTC Go Responsiveness to rpm.obs.cr:4043...
Download:  32.215 Mbps (  4.027 MBps), using 20 parallel connections.
Upload:    23.999 Mbps (  3.000 MBps), using 12 parallel connections.
Total measurements: 15
RPM:   212
Wed Jun 15 12:32:07 DST 2022
06-15-2022 16:32:08 UTC Go Responsiveness to rpm.obs.cr:4043...
Download:  28.433 Mbps (  3.554 MBps), using 12 parallel connections.
Upload:    27.304 Mbps (  3.413 MBps), using 12 parallel connections.
Total measurements: 15
RPM:   258
Wed Jun 15 12:32:28 DST 2022
06-15-2022 16:32:28 UTC Go Responsiveness to rpm.obs.cr:4043...
Download:  29.478 Mbps (  3.685 MBps), using 12 parallel connections.
Upload:    26.763 Mbps (  3.345 MBps), using 12 parallel connections.
Total measurements: 15
RPM:   261
Wed Jun 15 12:33:04 DST 2022
06-15-2022 16:33:04 UTC Go Responsiveness to rpm.obs.cr:4043...
Download:  28.679 Mbps (  3.585 MBps), using 12 parallel connections.
Upload:    28.304 Mbps (  3.538 MBps), using 12 parallel connections.
Total measurements: 15
RPM:   241
Wed Jun 15 12:33:27 DST 2022
06-15-2022 16:33:28 UTC Go Responsiveness to rpm.obs.cr:4043...
Download:  29.218 Mbps (  3.652 MBps), using 12 parallel connections.
Upload:    27.583 Mbps (  3.448 MBps), using 12 parallel connections.
Total measurements: 15
RPM:   230
Wed Jun 15 12:33:52 DST 2022
06-15-2022 16:33:53 UTC Go Responsiveness to rpm.obs.cr:4043...
Download:  38.093 Mbps (  4.762 MBps), using 32 parallel connections.
Upload:    28.985 Mbps (  3.623 MBps), using 12 parallel connections.
Total measurements: 12
RPM:   108
Wed Jun 15 12:34:44 DST 2022
06-15-2022 16:34:45 UTC Go Responsiveness to rpm.obs.cr:4043...
Download:  30.066 Mbps (  3.758 MBps), using 12 parallel connections.
Upload:    27.202 Mbps (  3.400 MBps), using 16 parallel connections.
Total measurements: 15
RPM:   251
Wed Jun 15 12:35:20 DST 2022
06-15-2022 16:35:20 UTC Go Responsiveness to rpm.obs.cr:4043...
Download:  26.760 Mbps (  3.345 MBps), using 12 parallel connections.
Upload:    28.377 Mbps (  3.547 MBps), using 16 parallel connections.
Total measurements: 15
RPM:   200
Wed Jun 15 12:36:01 DST 2022
06-15-2022 16:36:01 UTC Go Responsiveness to rpm.obs.cr:4043...
Download:  32.357 Mbps (  4.045 MBps), using 20 parallel connections.
Upload:    24.689 Mbps (  3.086 MBps), using 12 parallel connections.
Total measurements: 15
RPM:   183
Wed Jun 15 12:36:26 DST 2022
06-15-2022 16:36:26 UTC Go Responsiveness to rpm.obs.cr:4043...
Download:  27.280 Mbps (  3.410 MBps), using 12 parallel connections.
Upload:    28.949 Mbps (  3.619 MBps), using 20 parallel connections.
Total measurements: 15
RPM:   213
Wed Jun 15 12:36:51 DST 2022
06-15-2022 16:36:51 UTC Go Responsiveness to rpm.obs.cr:4043...
Download:  33.097 Mbps (  4.137 MBps), using 20 parallel connections.
Upload:    23.850 Mbps (  2.981 MBps), using 12 parallel connections.
Total measurements: 15
RPM:   227
Wed Jun 15 12:37:17 DST 2022
06-15-2022 16:37:17 UTC Go Responsiveness to rpm.obs.cr:4043...
Download:  29.360 Mbps (  3.670 MBps), using 12 parallel connections.
Upload:    26.808 Mbps (  3.351 MBps), using 12 parallel connections.
Total measurements: 15
RPM:   266
Wed Jun 15 12:37:50 DST 2022
06-15-2022 16:37:50 UTC Go Responsiveness to rpm.obs.cr:4043...
Download:  32.673 Mbps (  4.084 MBps), using 20 parallel connections.
Upload:    23.960 Mbps (  2.995 MBps), using 12 parallel connections.
Total measurements: 15
RPM:   176
Wed Jun 15 12:38:23 DST 2022
06-15-2022 16:38:23 UTC Go Responsiveness to rpm.obs.cr:4043...
Download:  29.180 Mbps (  3.648 MBps), using 12 parallel connections.
Upload:    27.321 Mbps (  3.415 MBps), using 12 parallel connections.
Total measurements: 15
RPM:   269
Wed Jun 15 12:38:56 DST 2022
06-15-2022 16:38:56 UTC Go Responsiveness to rpm.obs.cr:4043...
Download:  28.029 Mbps (  3.504 MBps), using 12 parallel connections.
Upload:    28.376 Mbps (  3.547 MBps), using 12 parallel connections.
Total measurements: 15
RPM:   228
Wed Jun 15 12:39:16 DST 2022
06-15-2022 16:39:16 UTC Go Responsiveness to rpm.obs.cr:4043...
Download:  28.290 Mbps (  3.536 MBps), using 12 parallel connections.
Upload:    27.540 Mbps (  3.442 MBps), using 12 parallel connections.
Total measurements: 15
RPM:   246
Wed Jun 15 12:39:38 DST 2022
06-15-2022 16:39:38 UTC Go Responsiveness to rpm.obs.cr:4043...
Download:  29.048 Mbps (  3.631 MBps), using 12 parallel connections.
Upload:    26.885 Mbps (  3.361 MBps), using 12 parallel connections.
Total measurements: 15
RPM:   262
Wed Jun 15 12:40:10 DST 2022
06-15-2022 16:40:10 UTC Go Responsiveness to rpm.obs.cr:4043...
Download:  25.905 Mbps (  3.238 MBps), using 12 parallel connections.
Upload:    29.723 Mbps (  3.715 MBps), using 16 parallel connections.
Total measurements: 15
RPM:   222
Wed Jun 15 12:40:44 DST 2022
06-15-2022 16:40:44 UTC Go Responsiveness to rpm.obs.cr:4043...
Download:  26.388 Mbps (  3.299 MBps), using 12 parallel connections.
Upload:    28.895 Mbps (  3.612 MBps), using 16 parallel connections.
Total measurements: 15
RPM:   189
Wed Jun 15 12:41:08 DST 2022
06-15-2022 16:41:08 UTC Go Responsiveness to rpm.obs.cr:4043...
Download:  31.077 Mbps (  3.885 MBps), using 12 parallel connections.
Upload:    23.432 Mbps (  2.929 MBps), using 12 parallel connections.
Total measurements: 15
RPM:   316
Wed Jun 15 12:41:40 DST 2022
06-15-2022 16:41:40 UTC Go Responsiveness to rpm.obs.cr:4043...
Download:  33.902 Mbps (  4.238 MBps), using 20 parallel connections.
Upload:    23.690 Mbps (  2.961 MBps), using 12 parallel connections.
Total measurements: 15
RPM:   202
Wed Jun 15 12:42:08 DST 2022
06-15-2022 16:42:09 UTC Go Responsiveness to rpm.obs.cr:4043...
Download:  28.724 Mbps (  3.590 MBps), using 12 parallel connections.
Upload:    26.940 Mbps (  3.368 MBps), using 12 parallel connections.
Total measurements: 15
RPM:   264
Wed Jun 15 12:42:33 DST 2022
06-15-2022 16:42:33 UTC Go Responsiveness to rpm.obs.cr:4043...
Download:  32.772 Mbps (  4.097 MBps), using 20 parallel connections.
Upload:    23.314 Mbps (  2.914 MBps), using 12 parallel connections.
Total measurements: 15
RPM:   211
Wed Jun 15 12:43:00 DST 2022
06-15-2022 16:43:00 UTC Go Responsiveness to rpm.obs.cr:4043...
Download:  28.117 Mbps (  3.515 MBps), using 12 parallel connections.
Upload:    27.116 Mbps (  3.389 MBps), using 12 parallel connections.
Total measurements: 15
RPM:   271
Wed Jun 15 12:43:23 DST 2022
06-15-2022 16:43:23 UTC Go Responsiveness to rpm.obs.cr:4043...
Download:  28.320 Mbps (  3.540 MBps), using 12 parallel connections.
Upload:    28.076 Mbps (  3.509 MBps), using 12 parallel connections.
Total measurements: 15
RPM:   243
Wed Jun 15 12:44:03 DST 2022
06-15-2022 16:44:03 UTC Go Responsiveness to rpm.obs.cr:4043...
Download:  30.193 Mbps (  3.774 MBps), using 12 parallel connections.
Upload:    28.308 Mbps (  3.538 MBps), using 12 parallel connections.
Total measurements: 15
RPM:   267
Wed Jun 15 12:44:40 DST 2022
06-15-2022 16:44:41 UTC Go Responsiveness to rpm.obs.cr:4043...
Download:  26.392 Mbps (  3.299 MBps), using 12 parallel connections.
Upload:    27.768 Mbps (  3.471 MBps), using 16 parallel connections.
Total measurements: 15
RPM:   192
Wed Jun 15 12:45:14 DST 2022
06-15-2022 16:45:14 UTC Go Responsiveness to rpm.obs.cr:4043...
Download:  32.727 Mbps (  4.091 MBps), using 20 parallel connections.
Upload:    24.005 Mbps (  3.001 MBps), using 12 parallel connections.
Total measurements: 15
RPM:   190
Wed Jun 15 12:45:39 DST 2022
06-15-2022 16:45:40 UTC Go Responsiveness to rpm.obs.cr:4043...
Download:  28.362 Mbps (  3.545 MBps), using 12 parallel connections.
Upload:    29.416 Mbps (  3.677 MBps), using 12 parallel connections.
Total measurements: 15
RPM:   252
Wed Jun 15 12:46:04 DST 2022
06-15-2022 16:46:04 UTC Go Responsiveness to rpm.obs.cr:4043...
Download:  29.162 Mbps (  3.645 MBps), using 12 parallel connections.
Upload:    27.808 Mbps (  3.476 MBps), using 12 parallel connections.
Total measurements: 15
RPM:   241
Wed Jun 15 12:46:26 DST 2022
06-15-2022 16:46:26 UTC Go Responsiveness to rpm.obs.cr:4043...
Download:  26.386 Mbps (  3.298 MBps), using 12 parallel connections.
Upload:    28.128 Mbps (  3.516 MBps), using 16 parallel connections.
Total measurements: 15
RPM:   203
Wed Jun 15 12:47:01 DST 2022
06-15-2022 16:47:01 UTC Go Responsiveness to rpm.obs.cr:4043...
Download:  28.536 Mbps (  3.567 MBps), using 12 parallel connections.
Upload:    27.317 Mbps (  3.415 MBps), using 12 parallel connections.
Total measurements: 15
RPM:   316
Wed Jun 15 12:47:22 DST 2022
06-15-2022 16:47:22 UTC Go Responsiveness to rpm.obs.cr:4043...
Download:  33.319 Mbps (  4.165 MBps), using 12 parallel connections.
Upload:    22.775 Mbps (  2.847 MBps), using 12 parallel connections.
Total measurements: 15
RPM:   290
Wed Jun 15 12:47:59 DST 2022
06-15-2022 16:47:59 UTC Go Responsiveness to rpm.obs.cr:4043...
Download:  27.954 Mbps (  3.494 MBps), using 12 parallel connections.
Upload:    25.962 Mbps (  3.245 MBps), using 16 parallel connections.
Total measurements: 15
RPM:   226
Wed Jun 15 12:48:25 DST 2022
06-15-2022 16:48:25 UTC Go Responsiveness to rpm.obs.cr:4043...
Download:  28.831 Mbps (  3.604 MBps), using 12 parallel connections.
Upload:    26.806 Mbps (  3.351 MBps), using 16 parallel connections.
Total measurements: 15
RPM:   230
Wed Jun 15 12:48:49 DST 2022
06-15-2022 16:48:49 UTC Go Responsiveness to rpm.obs.cr:4043...
Download:  29.123 Mbps (  3.640 MBps), using 12 parallel connections.
Upload:    27.218 Mbps (  3.402 MBps), using 12 parallel connections.
Total measurements: 15
RPM:   286
Wed Jun 15 12:49:11 DST 2022
06-15-2022 16:49:11 UTC Go Responsiveness to rpm.obs.cr:4043...
Download:  33.073 Mbps (  4.134 MBps), using 20 parallel connections.
Upload:    23.644 Mbps (  2.956 MBps), using 12 parallel connections.
Total measurements: 15
RPM:   202
Wed Jun 15 12:49:34 DST 2022
06-15-2022 16:49:35 UTC Go Responsiveness to rpm.obs.cr:4043...
Download:  28.893 Mbps (  3.612 MBps), using 12 parallel connections.
Upload:    25.989 Mbps (  3.249 MBps), using 16 parallel connections.
Total measurements: 15
RPM:   226
Wed Jun 15 12:49:57 DST 2022
06-15-2022 16:49:57 UTC Go Responsiveness to rpm.obs.cr:4043...
Download:  27.539 Mbps (  3.442 MBps), using 12 parallel connections.
Upload:    26.079 Mbps (  3.260 MBps), using 12 parallel connections.
Total measurements: 15
RPM:   223
Wed Jun 15 12:50:18 DST 2022
06-15-2022 16:50:18 UTC Go Responsiveness to rpm.obs.cr:4043...
Download:  28.445 Mbps (  3.556 MBps), using 12 parallel connections.
Upload:    29.138 Mbps (  3.642 MBps), using 12 parallel connections.
Total measurements: 15
RPM:   249
Wed Jun 15 12:50:54 DST 2022
06-15-2022 16:50:54 UTC Go Responsiveness to rpm.obs.cr:4043...
Download:  31.567 Mbps (  3.946 MBps), using 16 parallel connections.
Upload:    24.572 Mbps (  3.072 MBps), using 12 parallel connections.
Total measurements: 15
RPM:   256
Wed Jun 15 12:51:18 DST 2022
06-15-2022 16:51:18 UTC Go Responsiveness to rpm.obs.cr:4043...
Download:  28.463 Mbps (  3.558 MBps), using 12 parallel connections.
Upload:    27.872 Mbps (  3.484 MBps), using 12 parallel connections.
Total measurements: 15
RPM:   245
Wed Jun 15 12:51:58 DST 2022
06-15-2022 16:51:58 UTC Go Responsiveness to rpm.obs.cr:4043...
Download:  26.166 Mbps (  3.271 MBps), using 12 parallel connections.
Upload:    27.710 Mbps (  3.464 MBps), using 16 parallel connections.
Total measurements: 15
RPM:   205
Wed Jun 15 12:52:41 DST 2022
06-15-2022 16:52:41 UTC Go Responsiveness to rpm.obs.cr:4043...
Download:  28.845 Mbps (  3.606 MBps), using 12 parallel connections.
Upload:    26.448 Mbps (  3.306 MBps), using 16 parallel connections.
Total measurements: 15
RPM:   226
