Wed Jun 15 12:04:05 DST 2022
06-15-2022 16:04:05 UTC Go Responsiveness to rpm.obs.cr:4043...
Download:  60.362 Mbps (  7.545 MBps), using 16 parallel connections.
Upload:    33.465 Mbps (  4.183 MBps), using 16 parallel connections.
Total measurements: 15
RPM:   242
Wed Jun 15 12:04:34 DST 2022
06-15-2022 16:04:34 UTC Go Responsiveness to rpm.obs.cr:4043...
Download:  66.228 Mbps (  8.279 MBps), using 16 parallel connections.
Upload:    36.257 Mbps (  4.532 MBps), using 16 parallel connections.
Total measurements: 15
RPM:   213
Wed Jun 15 12:05:00 DST 2022
06-15-2022 16:05:00 UTC Go Responsiveness to rpm.obs.cr:4043...
Download:  77.414 Mbps (  9.677 MBps), using 12 parallel connections.
Upload:    71.022 Mbps (  8.878 MBps), using 36 parallel connections.
Total measurements: 15
RPM:   124
Wed Jun 15 12:05:37 DST 2022
06-15-2022 16:05:37 UTC Go Responsiveness to rpm.obs.cr:4043...
Download:  80.059 Mbps ( 10.007 MBps), using 12 parallel connections.
Upload:    33.298 Mbps (  4.162 MBps), using 12 parallel connections.
Total measurements: 15
RPM:   350
Wed Jun 15 12:06:01 DST 2022
06-15-2022 16:06:01 UTC Go Responsiveness to rpm.obs.cr:4043...
Download:  75.931 Mbps (  9.491 MBps), using 12 parallel connections.
Upload:    53.053 Mbps (  6.632 MBps), using 24 parallel connections.
Total measurements: 15
RPM:   178
Wed Jun 15 12:06:32 DST 2022
06-15-2022 16:06:32 UTC Go Responsiveness to rpm.obs.cr:4043...
Download:  76.626 Mbps (  9.578 MBps), using 12 parallel connections.
Upload:    66.354 Mbps (  8.294 MBps), using 28 parallel connections.
Total measurements: 15
RPM:   136
Wed Jun 15 12:07:12 DST 2022
06-15-2022 16:07:12 UTC Go Responsiveness to rpm.obs.cr:4043...
Download:  65.456 Mbps (  8.182 MBps), using 12 parallel connections.
Upload:    41.969 Mbps (  5.246 MBps), using 16 parallel connections.
Total measurements: 15
RPM:   251
Wed Jun 15 12:07:35 DST 2022
06-15-2022 16:07:35 UTC Go Responsiveness to rpm.obs.cr:4043...
Download:  73.990 Mbps (  9.249 MBps), using 12 parallel connections.
Upload:    39.142 Mbps (  4.893 MBps), using 12 parallel connections.
Total measurements: 15
RPM:   291
Wed Jun 15 12:08:00 DST 2022
06-15-2022 16:08:00 UTC Go Responsiveness to rpm.obs.cr:4043...
Download:  77.413 Mbps (  9.677 MBps), using 12 parallel connections.
Upload:    65.463 Mbps (  8.183 MBps), using 28 parallel connections.
Total measurements: 15
RPM:   180
Wed Jun 15 12:08:37 DST 2022
06-15-2022 16:08:37 UTC Go Responsiveness to rpm.obs.cr:4043...
Download:  71.056 Mbps (  8.882 MBps), using 12 parallel connections.
Upload:    39.943 Mbps (  4.993 MBps), using 16 parallel connections.
Total measurements: 15
RPM:   237
Wed Jun 15 12:09:06 DST 2022
06-15-2022 16:09:06 UTC Go Responsiveness to rpm.obs.cr:4043...
Download:  80.992 Mbps ( 10.124 MBps), using 12 parallel connections.
Upload:    30.314 Mbps (  3.789 MBps), using 12 parallel connections.
Total measurements: 15
RPM:   228
Wed Jun 15 12:09:41 DST 2022
06-15-2022 16:09:41 UTC Go Responsiveness to rpm.obs.cr:4043...
Download:  73.743 Mbps (  9.218 MBps), using 12 parallel connections.
Upload:    66.025 Mbps (  8.253 MBps), using 28 parallel connections.
Total measurements: 15
RPM:   175
Wed Jun 15 12:10:19 DST 2022
06-15-2022 16:10:19 UTC Go Responsiveness to rpm.obs.cr:4043...
Download:  75.340 Mbps (  9.418 MBps), using 12 parallel connections.
Upload:    36.279 Mbps (  4.535 MBps), using 12 parallel connections.
Total measurements: 15
RPM:   286
Wed Jun 15 12:10:40 DST 2022
06-15-2022 16:10:40 UTC Go Responsiveness to rpm.obs.cr:4043...
Download:  75.926 Mbps (  9.491 MBps), using 12 parallel connections.
Upload:    37.137 Mbps (  4.642 MBps), using 12 parallel connections.
Total measurements: 15
RPM:   271
Wed Jun 15 12:11:00 DST 2022
06-15-2022 16:11:01 UTC Go Responsiveness to rpm.obs.cr:4043...
Download:  80.735 Mbps ( 10.092 MBps), using 12 parallel connections.
Upload:    33.577 Mbps (  4.197 MBps), using 12 parallel connections.
Total measurements: 15
RPM:   321
Wed Jun 15 12:11:22 DST 2022
06-15-2022 16:11:22 UTC Go Responsiveness to rpm.obs.cr:4043...
Download:  78.304 Mbps (  9.788 MBps), using 12 parallel connections.
Upload:    32.446 Mbps (  4.056 MBps), using 12 parallel connections.
Total measurements: 15
RPM:   260
Wed Jun 15 12:11:43 DST 2022
06-15-2022 16:11:43 UTC Go Responsiveness to rpm.obs.cr:4043...
Download:  80.755 Mbps ( 10.094 MBps), using 12 parallel connections.
Upload:    28.915 Mbps (  3.614 MBps), using 12 parallel connections.
Total measurements: 15
RPM:   277
Wed Jun 15 12:12:06 DST 2022
06-15-2022 16:12:06 UTC Go Responsiveness to rpm.obs.cr:4043...
Download:  77.243 Mbps (  9.655 MBps), using 12 parallel connections.
Upload:    60.854 Mbps (  7.607 MBps), using 28 parallel connections.
Total measurements: 15
RPM:   175
Wed Jun 15 12:12:44 DST 2022
06-15-2022 16:12:45 UTC Go Responsiveness to rpm.obs.cr:4043...
Wed Jun 15 12:13:24 DST 2022
06-15-2022 16:13:24 UTC Go Responsiveness to rpm.obs.cr:4043...
Download:  76.824 Mbps (  9.603 MBps), using 12 parallel connections.
Upload:    35.581 Mbps (  4.448 MBps), using 12 parallel connections.
Total measurements: 15
RPM:   263
Wed Jun 15 12:13:49 DST 2022
06-15-2022 16:13:49 UTC Go Responsiveness to rpm.obs.cr:4043...
Wed Jun 15 12:14:32 DST 2022
06-15-2022 16:14:32 UTC Go Responsiveness to rpm.obs.cr:4043...
Download:  77.181 Mbps (  9.648 MBps), using 12 parallel connections.
Upload:    33.122 Mbps (  4.140 MBps), using 12 parallel connections.
Total measurements: 15
RPM:   278
Wed Jun 15 12:14:56 DST 2022
06-15-2022 16:14:56 UTC Go Responsiveness to rpm.obs.cr:4043...
Wed Jun 15 12:15:42 DST 2022
06-15-2022 16:15:42 UTC Go Responsiveness to rpm.obs.cr:4043...
Download:  72.895 Mbps (  9.112 MBps), using 20 parallel connections.
Upload:    31.453 Mbps (  3.932 MBps), using 12 parallel connections.
Total measurements: 15
RPM:   220
Wed Jun 15 12:16:05 DST 2022
06-15-2022 16:16:06 UTC Go Responsiveness to rpm.obs.cr:4043...
Download:  73.738 Mbps (  9.217 MBps), using 12 parallel connections.
Upload:    37.934 Mbps (  4.742 MBps), using 12 parallel connections.
Total measurements: 15
RPM:   352
Wed Jun 15 12:16:29 DST 2022
06-15-2022 16:16:29 UTC Go Responsiveness to rpm.obs.cr:4043...
Download:  78.005 Mbps (  9.751 MBps), using 12 parallel connections.
Upload:    66.616 Mbps (  8.327 MBps), using 36 parallel connections.
Total measurements: 15
RPM:   654
Wed Jun 15 12:17:15 DST 2022
06-15-2022 16:17:15 UTC Go Responsiveness to rpm.obs.cr:4043...
Download:  80.114 Mbps ( 10.014 MBps), using 12 parallel connections.
Upload:    70.551 Mbps (  8.819 MBps), using 36 parallel connections.
Total measurements: 15
RPM:   667
Wed Jun 15 12:17:48 DST 2022
06-15-2022 16:17:48 UTC Go Responsiveness to rpm.obs.cr:4043...
Download:  75.299 Mbps (  9.412 MBps), using 12 parallel connections.
Upload:    34.124 Mbps (  4.266 MBps), using 12 parallel connections.
Total measurements: 15
RPM:   300
Wed Jun 15 12:18:08 DST 2022
06-15-2022 16:18:08 UTC Go Responsiveness to rpm.obs.cr:4043...
Download:  78.485 Mbps (  9.811 MBps), using 12 parallel connections.
Upload:    35.405 Mbps (  4.426 MBps), using 12 parallel connections.
Total measurements: 15
RPM:   293
Wed Jun 15 12:18:33 DST 2022
06-15-2022 16:18:33 UTC Go Responsiveness to rpm.obs.cr:4043...
Download:  77.346 Mbps (  9.668 MBps), using 12 parallel connections.
Upload:    58.113 Mbps (  7.264 MBps), using 24 parallel connections.
Total measurements: 15
RPM:   189
Wed Jun 15 12:19:08 DST 2022
06-15-2022 16:19:08 UTC Go Responsiveness to rpm.obs.cr:4043...
Download:  72.732 Mbps (  9.092 MBps), using 12 parallel connections.
Upload:    42.635 Mbps (  5.329 MBps), using 16 parallel connections.
Total measurements: 15
RPM:   217
Wed Jun 15 12:19:37 DST 2022
06-15-2022 16:19:37 UTC Go Responsiveness to rpm.obs.cr:4043...
Download:  69.886 Mbps (  8.736 MBps), using 12 parallel connections.
Upload:    43.286 Mbps (  5.411 MBps), using 16 parallel connections.
Total measurements: 15
RPM:   276
Wed Jun 15 12:20:04 DST 2022
06-15-2022 16:20:04 UTC Go Responsiveness to rpm.obs.cr:4043...
Download:  77.982 Mbps (  9.748 MBps), using 12 parallel connections.
Upload:    32.598 Mbps (  4.075 MBps), using 12 parallel connections.
Total measurements: 15
RPM:   261
Wed Jun 15 12:20:28 DST 2022
06-15-2022 16:20:28 UTC Go Responsiveness to rpm.obs.cr:4043...
Download:  80.175 Mbps ( 10.022 MBps), using 12 parallel connections.
Upload:    34.788 Mbps (  4.349 MBps), using 12 parallel connections.
Total measurements: 15
RPM:   338
Wed Jun 15 12:20:51 DST 2022
06-15-2022 16:20:51 UTC Go Responsiveness to rpm.obs.cr:4043...
Download:  78.582 Mbps (  9.823 MBps), using 12 parallel connections.
Upload:    30.654 Mbps (  3.832 MBps), using 12 parallel connections.
Total measurements: 15
RPM:   314
Wed Jun 15 12:21:14 DST 2022
06-15-2022 16:21:14 UTC Go Responsiveness to rpm.obs.cr:4043...
Download:  74.120 Mbps (  9.265 MBps), using 12 parallel connections.
Upload:    71.081 Mbps (  8.885 MBps), using 36 parallel connections.
Total measurements: 15
RPM:   549
Wed Jun 15 12:21:51 DST 2022
06-15-2022 16:21:51 UTC Go Responsiveness to rpm.obs.cr:4043...
Download:  76.046 Mbps (  9.506 MBps), using 12 parallel connections.
Upload:    39.114 Mbps (  4.889 MBps), using 16 parallel connections.
Total measurements: 15
RPM:   270
Wed Jun 15 12:22:19 DST 2022
06-15-2022 16:22:19 UTC Go Responsiveness to rpm.obs.cr:4043...
Download:  69.734 Mbps (  8.717 MBps), using 12 parallel connections.
Upload:    40.638 Mbps (  5.080 MBps), using 16 parallel connections.
Total measurements: 15
RPM:   248
Wed Jun 15 12:22:43 DST 2022
06-15-2022 16:22:43 UTC Go Responsiveness to rpm.obs.cr:4043...
Wed Jun 15 12:23:30 DST 2022
06-15-2022 16:23:30 UTC Go Responsiveness to rpm.obs.cr:4043...
Download:  74.937 Mbps (  9.367 MBps), using 12 parallel connections.
Upload:    35.368 Mbps (  4.421 MBps), using 12 parallel connections.
Total measurements: 15
RPM:   345
Wed Jun 15 12:23:52 DST 2022
06-15-2022 16:23:52 UTC Go Responsiveness to rpm.obs.cr:4043...
Download:  73.408 Mbps (  9.176 MBps), using 12 parallel connections.
Upload:    72.036 Mbps (  9.004 MBps), using 40 parallel connections.
Total measurements: 15
RPM:   630
Wed Jun 15 12:24:25 DST 2022
06-15-2022 16:24:26 UTC Go Responsiveness to rpm.obs.cr:4043...
Download:  75.340 Mbps (  9.418 MBps), using 12 parallel connections.
Upload:    36.644 Mbps (  4.580 MBps), using 12 parallel connections.
Total measurements: 15
RPM:   290
Wed Jun 15 12:24:46 DST 2022
06-15-2022 16:24:46 UTC Go Responsiveness to rpm.obs.cr:4043...
Download:  74.502 Mbps (  9.313 MBps), using 12 parallel connections.
Upload:    41.040 Mbps (  5.130 MBps), using 16 parallel connections.
Total measurements: 15
RPM:   212
Wed Jun 15 12:25:13 DST 2022
06-15-2022 16:25:13 UTC Go Responsiveness to rpm.obs.cr:4043...
Download:  76.778 Mbps (  9.597 MBps), using 12 parallel connections.
Upload:    36.507 Mbps (  4.563 MBps), using 12 parallel connections.
Total measurements: 15
RPM:   289
Wed Jun 15 12:25:36 DST 2022
06-15-2022 16:25:36 UTC Go Responsiveness to rpm.obs.cr:4043...
Download:  77.442 Mbps (  9.680 MBps), using 12 parallel connections.
Upload:    35.289 Mbps (  4.411 MBps), using 12 parallel connections.
Total measurements: 15
RPM:   261
Wed Jun 15 12:25:56 DST 2022
06-15-2022 16:25:56 UTC Go Responsiveness to rpm.obs.cr:4043...
Download:  80.209 Mbps ( 10.026 MBps), using 12 parallel connections.
Upload:    33.761 Mbps (  4.220 MBps), using 12 parallel connections.
Total measurements: 15
RPM:   310
Wed Jun 15 12:26:16 DST 2022
06-15-2022 16:26:16 UTC Go Responsiveness to rpm.obs.cr:4043...
Download:  81.500 Mbps ( 10.187 MBps), using 12 parallel connections.
Upload:    67.312 Mbps (  8.414 MBps), using 28 parallel connections.
Total measurements: 15
RPM:   198
Wed Jun 15 12:26:52 DST 2022
06-15-2022 16:26:52 UTC Go Responsiveness to rpm.obs.cr:4043...
Download:  72.646 Mbps (  9.081 MBps), using 12 parallel connections.
Upload:    38.007 Mbps (  4.751 MBps), using 16 parallel connections.
Total measurements: 15
RPM:   201
Wed Jun 15 12:27:16 DST 2022
06-15-2022 16:27:16 UTC Go Responsiveness to rpm.obs.cr:4043...
Download:  70.537 Mbps (  8.817 MBps), using 12 parallel connections.
Upload:    77.438 Mbps (  9.680 MBps), using 40 parallel connections.
Total measurements: 15
RPM:   148
Wed Jun 15 12:27:53 DST 2022
06-15-2022 16:27:53 UTC Go Responsiveness to rpm.obs.cr:4043...
Download:  76.926 Mbps (  9.616 MBps), using 12 parallel connections.
Upload:    33.943 Mbps (  4.243 MBps), using 12 parallel connections.
Total measurements: 15
RPM:   341
Wed Jun 15 12:28:14 DST 2022
06-15-2022 16:28:14 UTC Go Responsiveness to rpm.obs.cr:4043...
Download:  79.412 Mbps (  9.927 MBps), using 12 parallel connections.
Upload:    36.790 Mbps (  4.599 MBps), using 16 parallel connections.
Total measurements: 15
RPM:   202
Wed Jun 15 12:28:37 DST 2022
06-15-2022 16:28:37 UTC Go Responsiveness to rpm.obs.cr:4043...
Download:  74.387 Mbps (  9.298 MBps), using 12 parallel connections.
Upload:    72.913 Mbps (  9.114 MBps), using 32 parallel connections.
Total measurements: 15
RPM:   208
Wed Jun 15 12:29:17 DST 2022
06-15-2022 16:29:17 UTC Go Responsiveness to rpm.obs.cr:4043...
Download:  77.595 Mbps (  9.699 MBps), using 12 parallel connections.
Upload:    64.253 Mbps (  8.032 MBps), using 28 parallel connections.
Total measurements: 15
RPM:   192
Wed Jun 15 12:29:54 DST 2022
06-15-2022 16:29:54 UTC Go Responsiveness to rpm.obs.cr:4043...
Download:  71.558 Mbps (  8.945 MBps), using 12 parallel connections.
Upload:    36.624 Mbps (  4.578 MBps), using 12 parallel connections.
Total measurements: 15
RPM:   250
Wed Jun 15 12:30:20 DST 2022
06-15-2022 16:30:20 UTC Go Responsiveness to rpm.obs.cr:4043...
Download:  75.552 Mbps (  9.444 MBps), using 12 parallel connections.
Upload:    46.694 Mbps (  5.837 MBps), using 16 parallel connections.
Total measurements: 15
RPM:   282
Wed Jun 15 12:30:46 DST 2022
06-15-2022 16:30:47 UTC Go Responsiveness to rpm.obs.cr:4043...
Wed Jun 15 12:31:28 DST 2022
06-15-2022 16:31:28 UTC Go Responsiveness to rpm.obs.cr:4043...
Download:  78.755 Mbps (  9.844 MBps), using 12 parallel connections.
Upload:    36.786 Mbps (  4.598 MBps), using 12 parallel connections.
Total measurements: 15
RPM:   278
Wed Jun 15 12:31:53 DST 2022
06-15-2022 16:31:53 UTC Go Responsiveness to rpm.obs.cr:4043...
Download:  72.105 Mbps (  9.013 MBps), using 12 parallel connections.
Upload:    43.179 Mbps (  5.397 MBps), using 16 parallel connections.
Total measurements: 15
RPM:   218
Wed Jun 15 12:32:17 DST 2022
06-15-2022 16:32:18 UTC Go Responsiveness to rpm.obs.cr:4043...
Download:  74.129 Mbps (  9.266 MBps), using 12 parallel connections.
Upload:    37.105 Mbps (  4.638 MBps), using 12 parallel connections.
Total measurements: 15
RPM:   270
Wed Jun 15 12:32:38 DST 2022
06-15-2022 16:32:38 UTC Go Responsiveness to rpm.obs.cr:4043...
Download:  80.697 Mbps ( 10.087 MBps), using 12 parallel connections.
Upload:    74.634 Mbps (  9.329 MBps), using 36 parallel connections.
Total measurements: 15
RPM:   165
Wed Jun 15 12:33:14 DST 2022
06-15-2022 16:33:14 UTC Go Responsiveness to rpm.obs.cr:4043...
Download:  76.976 Mbps (  9.622 MBps), using 20 parallel connections.
Upload:    34.183 Mbps (  4.273 MBps), using 12 parallel connections.
Total measurements: 15
RPM:   248
Wed Jun 15 12:33:39 DST 2022
06-15-2022 16:33:39 UTC Go Responsiveness to rpm.obs.cr:4043...
Download:  72.595 Mbps (  9.074 MBps), using 12 parallel connections.
Upload:    42.380 Mbps (  5.297 MBps), using 16 parallel connections.
Total measurements: 15
RPM:   259
Wed Jun 15 12:34:17 DST 2022
06-15-2022 16:34:17 UTC Go Responsiveness to rpm.obs.cr:4043...
Download:  64.072 Mbps (  8.009 MBps), using 12 parallel connections.
Upload:    78.532 Mbps (  9.816 MBps), using 40 parallel connections.
Total measurements: 15
RPM:   126
Wed Jun 15 12:34:57 DST 2022
06-15-2022 16:34:57 UTC Go Responsiveness to rpm.obs.cr:4043...
Download:  79.279 Mbps (  9.910 MBps), using 12 parallel connections.
Upload:    65.118 Mbps (  8.140 MBps), using 28 parallel connections.
Total measurements: 15
RPM:   182
Wed Jun 15 12:35:34 DST 2022
06-15-2022 16:35:34 UTC Go Responsiveness to rpm.obs.cr:4043...
Download:  79.002 Mbps (  9.875 MBps), using 12 parallel connections.
Upload:    71.985 Mbps (  8.998 MBps), using 36 parallel connections.
Total measurements: 15
RPM:   164
Wed Jun 15 12:36:15 DST 2022
06-15-2022 16:36:16 UTC Go Responsiveness to rpm.obs.cr:4043...
Download:  72.126 Mbps (  9.016 MBps), using 12 parallel connections.
Upload:    38.013 Mbps (  4.752 MBps), using 12 parallel connections.
Total measurements: 15
RPM:   293
Wed Jun 15 12:36:40 DST 2022
06-15-2022 16:36:40 UTC Go Responsiveness to rpm.obs.cr:4043...
Download:  77.402 Mbps (  9.675 MBps), using 12 parallel connections.
Upload:    32.671 Mbps (  4.084 MBps), using 12 parallel connections.
Total measurements: 15
RPM:   275
Wed Jun 15 12:37:05 DST 2022
06-15-2022 16:37:05 UTC Go Responsiveness to rpm.obs.cr:4043...
Download:  76.970 Mbps (  9.621 MBps), using 12 parallel connections.
Upload:    33.795 Mbps (  4.224 MBps), using 12 parallel connections.
Total measurements: 15
RPM:   321
Wed Jun 15 12:37:27 DST 2022
06-15-2022 16:37:27 UTC Go Responsiveness to rpm.obs.cr:4043...
Download:  72.481 Mbps (  9.060 MBps), using 12 parallel connections.
Upload:    65.118 Mbps (  8.140 MBps), using 28 parallel connections.
Total measurements: 15
RPM:   186
Wed Jun 15 12:38:05 DST 2022
06-15-2022 16:38:05 UTC Go Responsiveness to rpm.obs.cr:4043...
Download:  81.455 Mbps ( 10.182 MBps), using 12 parallel connections.
Upload:    51.167 Mbps (  6.396 MBps), using 20 parallel connections.
Total measurements: 15
RPM:   232
Wed Jun 15 12:38:33 DST 2022
06-15-2022 16:38:33 UTC Go Responsiveness to rpm.obs.cr:4043...
Download:  73.684 Mbps (  9.210 MBps), using 12 parallel connections.
Upload:    63.606 Mbps (  7.951 MBps), using 28 parallel connections.
Total measurements: 15
RPM:   164
Wed Jun 15 12:39:06 DST 2022
06-15-2022 16:39:06 UTC Go Responsiveness to rpm.obs.cr:4043...
Download:  72.439 Mbps (  9.055 MBps), using 12 parallel connections.
Upload:    38.294 Mbps (  4.787 MBps), using 12 parallel connections.
Total measurements: 15
RPM:   294
Wed Jun 15 12:39:27 DST 2022
06-15-2022 16:39:27 UTC Go Responsiveness to rpm.obs.cr:4043...
Download:  70.214 Mbps (  8.777 MBps), using 12 parallel connections.
Upload:    37.478 Mbps (  4.685 MBps), using 12 parallel connections.
Total measurements: 15
RPM:   232
Wed Jun 15 12:39:48 DST 2022
06-15-2022 16:39:48 UTC Go Responsiveness to rpm.obs.cr:4043...
Download:  77.149 Mbps (  9.644 MBps), using 12 parallel connections.
Upload:    62.827 Mbps (  7.853 MBps), using 28 parallel connections.
Total measurements: 15
RPM:   177
Wed Jun 15 12:40:21 DST 2022
06-15-2022 16:40:22 UTC Go Responsiveness to rpm.obs.cr:4043...
Download:  74.130 Mbps (  9.266 MBps), using 12 parallel connections.
Upload:    68.838 Mbps (  8.605 MBps), using 32 parallel connections.
Total measurements: 15
RPM:   637
Wed Jun 15 12:40:57 DST 2022
06-15-2022 16:40:57 UTC Go Responsiveness to rpm.obs.cr:4043...
Download:  76.979 Mbps (  9.622 MBps), using 12 parallel connections.
Upload:    34.553 Mbps (  4.319 MBps), using 12 parallel connections.
Total measurements: 15
RPM:   297
Wed Jun 15 12:41:18 DST 2022
06-15-2022 16:41:18 UTC Go Responsiveness to rpm.obs.cr:4043...
Download:  78.159 Mbps (  9.770 MBps), using 12 parallel connections.
Upload:    62.347 Mbps (  7.793 MBps), using 28 parallel connections.
Total measurements: 15
RPM:   194
Wed Jun 15 12:41:55 DST 2022
06-15-2022 16:41:55 UTC Go Responsiveness to rpm.obs.cr:4043...
Download:  77.557 Mbps (  9.695 MBps), using 20 parallel connections.
Upload:    33.585 Mbps (  4.198 MBps), using 12 parallel connections.
Total measurements: 15
RPM:   229
Wed Jun 15 12:42:18 DST 2022
06-15-2022 16:42:18 UTC Go Responsiveness to rpm.obs.cr:4043...
Download:  69.112 Mbps (  8.639 MBps), using 12 parallel connections.
Upload:    40.909 Mbps (  5.114 MBps), using 16 parallel connections.
Total measurements: 15
RPM:   213
Wed Jun 15 12:42:47 DST 2022
06-15-2022 16:42:47 UTC Go Responsiveness to rpm.obs.cr:4043...
Download:  71.976 Mbps (  8.997 MBps), using 20 parallel connections.
Upload:    31.757 Mbps (  3.970 MBps), using 12 parallel connections.
Total measurements: 15
RPM:   298
Wed Jun 15 12:43:10 DST 2022
06-15-2022 16:43:10 UTC Go Responsiveness to rpm.obs.cr:4043...
Download:  75.055 Mbps (  9.382 MBps), using 12 parallel connections.
Upload:    40.114 Mbps (  5.014 MBps), using 16 parallel connections.
Total measurements: 15
RPM:   222
Wed Jun 15 12:43:33 DST 2022
06-15-2022 16:43:33 UTC Go Responsiveness to rpm.obs.cr:4043...
Wed Jun 15 12:44:13 DST 2022
06-15-2022 16:44:13 UTC Go Responsiveness to rpm.obs.cr:4043...
Download:  78.574 Mbps (  9.822 MBps), using 12 parallel connections.
Upload:    73.224 Mbps (  9.153 MBps), using 32 parallel connections.
Total measurements: 15
RPM:   163
Wed Jun 15 12:44:55 DST 2022
06-15-2022 16:44:55 UTC Go Responsiveness to rpm.obs.cr:4043...
Download:  75.396 Mbps (  9.425 MBps), using 12 parallel connections.
Upload:    52.941 Mbps (  6.618 MBps), using 24 parallel connections.
Total measurements: 15
RPM:   191
Wed Jun 15 12:45:29 DST 2022
06-15-2022 16:45:29 UTC Go Responsiveness to rpm.obs.cr:4043...
Download:  80.349 Mbps ( 10.044 MBps), using 12 parallel connections.
Upload:    31.824 Mbps (  3.978 MBps), using 12 parallel connections.
Total measurements: 15
RPM:   312
Wed Jun 15 12:45:50 DST 2022
06-15-2022 16:45:50 UTC Go Responsiveness to rpm.obs.cr:4043...
Download:  66.460 Mbps (  8.307 MBps), using 12 parallel connections.
Upload:    44.058 Mbps (  5.507 MBps), using 16 parallel connections.
Total measurements: 15
RPM:   303
Wed Jun 15 12:46:14 DST 2022
06-15-2022 16:46:14 UTC Go Responsiveness to rpm.obs.cr:4043...
Download:  81.973 Mbps ( 10.247 MBps), using 12 parallel connections.
Upload:    32.687 Mbps (  4.086 MBps), using 12 parallel connections.
Total measurements: 15
RPM:   253
Wed Jun 15 12:46:39 DST 2022
06-15-2022 16:46:39 UTC Go Responsiveness to rpm.obs.cr:4043...
Download:  74.799 Mbps (  9.350 MBps), using 12 parallel connections.
Upload:    56.469 Mbps (  7.059 MBps), using 24 parallel connections.
Total measurements: 15
RPM:   150
Wed Jun 15 12:47:10 DST 2022
06-15-2022 16:47:10 UTC Go Responsiveness to rpm.obs.cr:4043...
Download:  73.331 Mbps (  9.166 MBps), using 12 parallel connections.
Upload:    34.879 Mbps (  4.360 MBps), using 12 parallel connections.
Total measurements: 15
RPM:   343
Wed Jun 15 12:47:32 DST 2022
06-15-2022 16:47:32 UTC Go Responsiveness to rpm.obs.cr:4043...
Download:  76.828 Mbps (  9.603 MBps), using 12 parallel connections.
Upload:    73.306 Mbps (  9.163 MBps), using 36 parallel connections.
Total measurements: 15
RPM:   149
Wed Jun 15 12:48:12 DST 2022
06-15-2022 16:48:13 UTC Go Responsiveness to rpm.obs.cr:4043...
Download:  77.877 Mbps (  9.735 MBps), using 12 parallel connections.
Upload:    31.314 Mbps (  3.914 MBps), using 12 parallel connections.
Total measurements: 15
RPM:   281
Wed Jun 15 12:48:37 DST 2022
06-15-2022 16:48:37 UTC Go Responsiveness to rpm.obs.cr:4043...
Download:  74.597 Mbps (  9.325 MBps), using 12 parallel connections.
Upload:    34.127 Mbps (  4.266 MBps), using 12 parallel connections.
Total measurements: 15
RPM:   278
Wed Jun 15 12:48:59 DST 2022
06-15-2022 16:48:59 UTC Go Responsiveness to rpm.obs.cr:4043...
Download:  79.591 Mbps (  9.949 MBps), using 12 parallel connections.
Upload:    31.234 Mbps (  3.904 MBps), using 12 parallel connections.
Total measurements: 15
RPM:   350
Wed Jun 15 12:49:25 DST 2022
06-15-2022 16:49:25 UTC Go Responsiveness to rpm.obs.cr:4043...
Download:  77.186 Mbps (  9.648 MBps), using 12 parallel connections.
Upload:    36.259 Mbps (  4.532 MBps), using 12 parallel connections.
Total measurements: 15
RPM:   359
Wed Jun 15 12:49:47 DST 2022
06-15-2022 16:49:47 UTC Go Responsiveness to rpm.obs.cr:4043...
Download:  79.458 Mbps (  9.932 MBps), using 12 parallel connections.
Upload:    34.611 Mbps (  4.326 MBps), using 12 parallel connections.
Total measurements: 15
RPM:   296
Wed Jun 15 12:50:08 DST 2022
06-15-2022 16:50:08 UTC Go Responsiveness to rpm.obs.cr:4043...
Download:  74.853 Mbps (  9.357 MBps), using 12 parallel connections.
Upload:    36.932 Mbps (  4.617 MBps), using 12 parallel connections.
Total measurements: 15
RPM:   309
Wed Jun 15 12:50:29 DST 2022
06-15-2022 16:50:29 UTC Go Responsiveness to rpm.obs.cr:4043...
Download:  81.700 Mbps ( 10.212 MBps), using 12 parallel connections.
Upload:    67.588 Mbps (  8.449 MBps), using 32 parallel connections.
Total measurements: 15
RPM:   152
Wed Jun 15 12:51:05 DST 2022
06-15-2022 16:51:05 UTC Go Responsiveness to rpm.obs.cr:4043...
Download:  72.273 Mbps (  9.034 MBps), using 12 parallel connections.
Upload:    36.218 Mbps (  4.527 MBps), using 12 parallel connections.
Total measurements: 15
RPM:   280
Wed Jun 15 12:51:28 DST 2022
06-15-2022 16:51:28 UTC Go Responsiveness to rpm.obs.cr:4043...
Wed Jun 15 12:52:11 DST 2022
06-15-2022 16:52:11 UTC Go Responsiveness to rpm.obs.cr:4043...
