Thu Jun 30 15:58:25 DST 2022
06-30-2022 19:58:26 UTC Go Responsiveness to rpm.obs.cr:4043...
Download: 333.190 Mbps ( 41.649 MBps), using 12 parallel connections.
Upload:   119.881 Mbps ( 14.985 MBps), using 28 parallel connections.
Total measurements: 15
RPM:   578
Thu Jun 30 15:58:43 DST 2022
06-30-2022 19:58:44 UTC Go Responsiveness to rpm.obs.cr:4043...
Download: 296.330 Mbps ( 37.041 MBps), using 12 parallel connections.
Upload:   115.322 Mbps ( 14.415 MBps), using 20 parallel connections.
Total measurements: 15
RPM:   659
Thu Jun 30 15:58:59 DST 2022
06-30-2022 19:59:00 UTC Go Responsiveness to rpm.obs.cr:4043...
Download: 322.801 Mbps ( 40.350 MBps), using 12 parallel connections.
Upload:   125.798 Mbps ( 15.725 MBps), using 24 parallel connections.
Total measurements: 15
RPM:   515
Thu Jun 30 15:59:18 DST 2022
06-30-2022 19:59:18 UTC Go Responsiveness to rpm.obs.cr:4043...
Download: 300.447 Mbps ( 37.556 MBps), using 12 parallel connections.
Upload:   110.595 Mbps ( 13.824 MBps), using 20 parallel connections.
Total measurements: 15
RPM:   693
Thu Jun 30 15:59:32 DST 2022
06-30-2022 19:59:32 UTC Go Responsiveness to rpm.obs.cr:4043...
Download: 312.440 Mbps ( 39.055 MBps), using 12 parallel connections.
Upload:   128.044 Mbps ( 16.005 MBps), using 20 parallel connections.
Total measurements: 15
RPM:   612
Thu Jun 30 15:59:47 DST 2022
06-30-2022 19:59:47 UTC Go Responsiveness to rpm.obs.cr:4043...
Download: 308.613 Mbps ( 38.577 MBps), using 12 parallel connections.
Upload:   123.643 Mbps ( 15.455 MBps), using 20 parallel connections.
Total measurements: 15
RPM:   638
Thu Jun 30 16:00:02 DST 2022
06-30-2022 20:00:02 UTC Go Responsiveness to rpm.obs.cr:4043...
Download: 269.846 Mbps ( 33.731 MBps), using 20 parallel connections.
Upload:   107.997 Mbps ( 13.500 MBps), using 28 parallel connections.
Total measurements: 15
RPM:   641
Thu Jun 30 16:00:19 DST 2022
06-30-2022 20:00:19 UTC Go Responsiveness to rpm.obs.cr:4043...
Download: 268.058 Mbps ( 33.507 MBps), using 20 parallel connections.
Upload:   123.938 Mbps ( 15.492 MBps), using 28 parallel connections.
Total measurements: 15
RPM:   612
Thu Jun 30 16:00:37 DST 2022
06-30-2022 20:00:37 UTC Go Responsiveness to rpm.obs.cr:4043...
Download: 246.012 Mbps ( 30.752 MBps), using 16 parallel connections.
Upload:   123.369 Mbps ( 15.421 MBps), using 20 parallel connections.
Total measurements: 15
RPM:   516
Thu Jun 30 16:00:50 DST 2022
06-30-2022 20:00:51 UTC Go Responsiveness to rpm.obs.cr:4043...
Download: 245.664 Mbps ( 30.708 MBps), using 16 parallel connections.
Upload:   113.944 Mbps ( 14.243 MBps), using 20 parallel connections.
Total measurements: 15
RPM:   671
Thu Jun 30 16:01:04 DST 2022
06-30-2022 20:01:05 UTC Go Responsiveness to rpm.obs.cr:4043...
Download: 262.052 Mbps ( 32.757 MBps), using 16 parallel connections.
Upload:   116.645 Mbps ( 14.581 MBps), using 24 parallel connections.
Total measurements: 15
RPM:   639
Thu Jun 30 16:01:19 DST 2022
06-30-2022 20:01:20 UTC Go Responsiveness to rpm.obs.cr:4043...
Download: 250.030 Mbps ( 31.254 MBps), using 16 parallel connections.
Upload:   117.946 Mbps ( 14.743 MBps), using 20 parallel connections.
Total measurements: 15
RPM:   656
Thu Jun 30 16:01:34 DST 2022
06-30-2022 20:01:34 UTC Go Responsiveness to rpm.obs.cr:4043...
Download: 243.491 Mbps ( 30.436 MBps), using 12 parallel connections.
Upload:   129.627 Mbps ( 16.203 MBps), using 20 parallel connections.
Total measurements: 15
RPM:   641
Thu Jun 30 16:01:47 DST 2022
06-30-2022 20:01:47 UTC Go Responsiveness to rpm.obs.cr:4043...
Thu Jun 30 16:02:17 DST 2022
06-30-2022 20:02:17 UTC Go Responsiveness to rpm.obs.cr:4043...
Download: 245.069 Mbps ( 30.634 MBps), using 16 parallel connections.
Upload:   116.548 Mbps ( 14.568 MBps), using 20 parallel connections.
Total measurements: 15
RPM:   590
Thu Jun 30 16:02:31 DST 2022
06-30-2022 20:02:31 UTC Go Responsiveness to rpm.obs.cr:4043...
Download: 256.403 Mbps ( 32.050 MBps), using 16 parallel connections.
Upload:   127.954 Mbps ( 15.994 MBps), using 24 parallel connections.
Total measurements: 15
RPM:   658
Thu Jun 30 16:02:45 DST 2022
06-30-2022 20:02:45 UTC Go Responsiveness to rpm.obs.cr:4043...
Download: 244.594 Mbps ( 30.574 MBps), using 16 parallel connections.
Upload:   118.927 Mbps ( 14.866 MBps), using 20 parallel connections.
Total measurements: 15
RPM:   663
Thu Jun 30 16:02:59 DST 2022
06-30-2022 20:02:59 UTC Go Responsiveness to rpm.obs.cr:4043...
Download: 268.650 Mbps ( 33.581 MBps), using 16 parallel connections.
Upload:   119.405 Mbps ( 14.926 MBps), using 24 parallel connections.
Total measurements: 15
RPM:   597
Thu Jun 30 16:03:13 DST 2022
06-30-2022 20:03:13 UTC Go Responsiveness to rpm.obs.cr:4043...
Download: 232.322 Mbps ( 29.040 MBps), using 16 parallel connections.
Upload:   119.507 Mbps ( 14.938 MBps), using 20 parallel connections.
Total measurements: 15
RPM:   608
Thu Jun 30 16:03:27 DST 2022
06-30-2022 20:03:28 UTC Go Responsiveness to rpm.obs.cr:4043...
Download: 242.367 Mbps ( 30.296 MBps), using 16 parallel connections.
Upload:   125.846 Mbps ( 15.731 MBps), using 24 parallel connections.
Total measurements: 15
RPM:   643
Thu Jun 30 16:03:40 DST 2022
06-30-2022 20:03:41 UTC Go Responsiveness to rpm.obs.cr:4043...
Download: 227.933 Mbps ( 28.492 MBps), using 16 parallel connections.
Upload:    50.987 Mbps (  6.373 MBps), using 12 parallel connections.
Total measurements: 15
RPM:   664
Thu Jun 30 16:03:52 DST 2022
06-30-2022 20:03:53 UTC Go Responsiveness to rpm.obs.cr:4043...
Download: 116.555 Mbps ( 14.569 MBps), using 12 parallel connections.
Upload:   135.576 Mbps ( 16.947 MBps), using 16 parallel connections.
Total measurements: 15
RPM:   696
Thu Jun 30 16:04:03 DST 2022
06-30-2022 20:04:03 UTC Go Responsiveness to rpm.obs.cr:4043...
Download: 219.656 Mbps ( 27.457 MBps), using 12 parallel connections.
Upload:   125.090 Mbps ( 15.636 MBps), using 20 parallel connections.
Total measurements: 15
RPM:   588
Thu Jun 30 16:04:16 DST 2022
06-30-2022 20:04:17 UTC Go Responsiveness to rpm.obs.cr:4043...
Download: 217.967 Mbps ( 27.246 MBps), using 12 parallel connections.
Upload:   126.789 Mbps ( 15.849 MBps), using 20 parallel connections.
Total measurements: 15
RPM:   626
Thu Jun 30 16:04:29 DST 2022
06-30-2022 20:04:30 UTC Go Responsiveness to rpm.obs.cr:4043...
Download: 260.270 Mbps ( 32.534 MBps), using 16 parallel connections.
Upload:   116.206 Mbps ( 14.526 MBps), using 20 parallel connections.
Total measurements: 15
RPM:   513
Thu Jun 30 16:04:43 DST 2022
06-30-2022 20:04:43 UTC Go Responsiveness to rpm.obs.cr:4043...
Download: 207.932 Mbps ( 25.992 MBps), using 12 parallel connections.
Upload:   132.609 Mbps ( 16.576 MBps), using 24 parallel connections.
Total measurements: 15
RPM:   744
Thu Jun 30 16:04:57 DST 2022
06-30-2022 20:04:57 UTC Go Responsiveness to rpm.obs.cr:4043...
Download: 233.684 Mbps ( 29.211 MBps), using 16 parallel connections.
Upload:   126.275 Mbps ( 15.784 MBps), using 24 parallel connections.
Total measurements: 15
RPM:   536
Thu Jun 30 16:05:11 DST 2022
06-30-2022 20:05:11 UTC Go Responsiveness to rpm.obs.cr:4043...
Download: 252.860 Mbps ( 31.608 MBps), using 16 parallel connections.
Upload:   129.522 Mbps ( 16.190 MBps), using 24 parallel connections.
Total measurements: 15
RPM:   490
Thu Jun 30 16:05:26 DST 2022
06-30-2022 20:05:26 UTC Go Responsiveness to rpm.obs.cr:4043...
Download: 220.341 Mbps ( 27.543 MBps), using 12 parallel connections.
Upload:   123.221 Mbps ( 15.403 MBps), using 20 parallel connections.
Total measurements: 15
RPM:   533
Thu Jun 30 16:05:40 DST 2022
06-30-2022 20:05:40 UTC Go Responsiveness to rpm.obs.cr:4043...
Download: 259.631 Mbps ( 32.454 MBps), using 16 parallel connections.
Upload:   115.440 Mbps ( 14.430 MBps), using 20 parallel connections.
Total measurements: 15
RPM:   663
Thu Jun 30 16:05:54 DST 2022
06-30-2022 20:05:54 UTC Go Responsiveness to rpm.obs.cr:4043...
Download: 238.952 Mbps ( 29.869 MBps), using 16 parallel connections.
Upload:   124.734 Mbps ( 15.592 MBps), using 20 parallel connections.
Total measurements: 15
RPM:   570
Thu Jun 30 16:06:08 DST 2022
06-30-2022 20:06:08 UTC Go Responsiveness to rpm.obs.cr:4043...
Download: 221.847 Mbps ( 27.731 MBps), using 12 parallel connections.
Upload:   121.874 Mbps ( 15.234 MBps), using 20 parallel connections.
Total measurements: 15
RPM:   499
Thu Jun 30 16:06:22 DST 2022
06-30-2022 20:06:22 UTC Go Responsiveness to rpm.obs.cr:4043...
Download: 290.458 Mbps ( 36.307 MBps), using 16 parallel connections.
Upload:   117.296 Mbps ( 14.662 MBps), using 20 parallel connections.
Total measurements: 15
RPM:   605
Thu Jun 30 16:06:35 DST 2022
06-30-2022 20:06:35 UTC Go Responsiveness to rpm.obs.cr:4043...
Download: 180.940 Mbps ( 22.617 MBps), using 12 parallel connections.
Upload:   121.229 Mbps ( 15.154 MBps), using 20 parallel connections.
Total measurements: 15
RPM:   604
Thu Jun 30 16:06:53 DST 2022
06-30-2022 20:06:53 UTC Go Responsiveness to rpm.obs.cr:4043...
Download: 257.773 Mbps ( 32.222 MBps), using 12 parallel connections.
Upload:   126.172 Mbps ( 15.771 MBps), using 20 parallel connections.
Total measurements: 15
RPM:   666
Thu Jun 30 16:07:07 DST 2022
06-30-2022 20:07:07 UTC Go Responsiveness to rpm.obs.cr:4043...
Download: 266.900 Mbps ( 33.363 MBps), using 12 parallel connections.
Upload:   116.457 Mbps ( 14.557 MBps), using 20 parallel connections.
Total measurements: 15
RPM:   640
Thu Jun 30 16:07:22 DST 2022
06-30-2022 20:07:22 UTC Go Responsiveness to rpm.obs.cr:4043...
Download: 234.362 Mbps ( 29.295 MBps), using 16 parallel connections.
Upload:   123.171 Mbps ( 15.396 MBps), using 24 parallel connections.
Total measurements: 15
RPM:   635
Thu Jun 30 16:07:36 DST 2022
06-30-2022 20:07:36 UTC Go Responsiveness to rpm.obs.cr:4043...
Download: 261.770 Mbps ( 32.721 MBps), using 16 parallel connections.
Upload:   122.692 Mbps ( 15.336 MBps), using 32 parallel connections.
Total measurements: 15
RPM:   654
Thu Jun 30 16:07:54 DST 2022
06-30-2022 20:07:54 UTC Go Responsiveness to rpm.obs.cr:4043...
Download: 243.174 Mbps ( 30.397 MBps), using 16 parallel connections.
Upload:   125.008 Mbps ( 15.626 MBps), using 20 parallel connections.
Total measurements: 15
RPM:   644
Thu Jun 30 16:08:08 DST 2022
06-30-2022 20:08:09 UTC Go Responsiveness to rpm.obs.cr:4043...
Download: 225.731 Mbps ( 28.216 MBps), using 16 parallel connections.
Upload:   110.723 Mbps ( 13.840 MBps), using 20 parallel connections.
Total measurements: 15
RPM:   742
Thu Jun 30 16:08:22 DST 2022
06-30-2022 20:08:22 UTC Go Responsiveness to rpm.obs.cr:4043...
Download: 237.206 Mbps ( 29.651 MBps), using 16 parallel connections.
Upload:   113.335 Mbps ( 14.167 MBps), using 24 parallel connections.
Total measurements: 15
RPM:   651
Thu Jun 30 16:08:36 DST 2022
06-30-2022 20:08:37 UTC Go Responsiveness to rpm.obs.cr:4043...
Download: 258.381 Mbps ( 32.298 MBps), using 16 parallel connections.
Upload:   121.429 Mbps ( 15.179 MBps), using 28 parallel connections.
Total measurements: 15
RPM:   646
Thu Jun 30 16:08:51 DST 2022
06-30-2022 20:08:52 UTC Go Responsiveness to rpm.obs.cr:4043...
Download: 193.887 Mbps ( 24.236 MBps), using 12 parallel connections.
Upload:   128.521 Mbps ( 16.065 MBps), using 20 parallel connections.
Total measurements: 15
RPM:   509
Thu Jun 30 16:09:05 DST 2022
06-30-2022 20:09:05 UTC Go Responsiveness to rpm.obs.cr:4043...
Download: 260.566 Mbps ( 32.571 MBps), using 16 parallel connections.
Upload:   125.513 Mbps ( 15.689 MBps), using 24 parallel connections.
Total measurements: 15
RPM:   642
Thu Jun 30 16:09:20 DST 2022
06-30-2022 20:09:20 UTC Go Responsiveness to rpm.obs.cr:4043...
Download: 235.131 Mbps ( 29.391 MBps), using 16 parallel connections.
Upload:   112.604 Mbps ( 14.076 MBps), using 32 parallel connections.
Total measurements: 15
RPM:   484
Thu Jun 30 16:09:40 DST 2022
06-30-2022 20:09:41 UTC Go Responsiveness to rpm.obs.cr:4043...
Download: 246.630 Mbps ( 30.829 MBps), using 16 parallel connections.
Upload:   126.000 Mbps ( 15.750 MBps), using 24 parallel connections.
Total measurements: 15
RPM:   650
Thu Jun 30 16:09:55 DST 2022
06-30-2022 20:09:56 UTC Go Responsiveness to rpm.obs.cr:4043...
Download: 223.952 Mbps ( 27.994 MBps), using 16 parallel connections.
Upload:   124.669 Mbps ( 15.584 MBps), using 20 parallel connections.
Total measurements: 15
RPM:   639
Thu Jun 30 16:10:09 DST 2022
06-30-2022 20:10:10 UTC Go Responsiveness to rpm.obs.cr:4043...
Download: 233.823 Mbps ( 29.228 MBps), using 12 parallel connections.
Upload:   134.344 Mbps ( 16.793 MBps), using 20 parallel connections.
Total measurements: 15
RPM:   613
Thu Jun 30 16:10:22 DST 2022
06-30-2022 20:10:23 UTC Go Responsiveness to rpm.obs.cr:4043...
Download: 200.650 Mbps ( 25.081 MBps), using 12 parallel connections.
Upload:   125.709 Mbps ( 15.714 MBps), using 20 parallel connections.
Total measurements: 15
RPM:   658
Thu Jun 30 16:10:36 DST 2022
06-30-2022 20:10:36 UTC Go Responsiveness to rpm.obs.cr:4043...
Download: 270.568 Mbps ( 33.821 MBps), using 16 parallel connections.
Upload:   111.451 Mbps ( 13.931 MBps), using 20 parallel connections.
Total measurements: 15
RPM:   645
Thu Jun 30 16:10:50 DST 2022
06-30-2022 20:10:50 UTC Go Responsiveness to rpm.obs.cr:4043...
Download: 236.536 Mbps ( 29.567 MBps), using 16 parallel connections.
Upload:   123.565 Mbps ( 15.446 MBps), using 20 parallel connections.
Total measurements: 15
RPM:   603
Thu Jun 30 16:11:04 DST 2022
06-30-2022 20:11:04 UTC Go Responsiveness to rpm.obs.cr:4043...
Download: 275.927 Mbps ( 34.491 MBps), using 16 parallel connections.
Upload:   109.589 Mbps ( 13.699 MBps), using 20 parallel connections.
Total measurements: 15
RPM:   620
Thu Jun 30 16:11:18 DST 2022
06-30-2022 20:11:18 UTC Go Responsiveness to rpm.obs.cr:4043...
Download: 232.418 Mbps ( 29.052 MBps), using 12 parallel connections.
Upload:   127.842 Mbps ( 15.980 MBps), using 24 parallel connections.
Total measurements: 15
RPM:   595
Thu Jun 30 16:11:32 DST 2022
06-30-2022 20:11:32 UTC Go Responsiveness to rpm.obs.cr:4043...
Download: 223.225 Mbps ( 27.903 MBps), using 12 parallel connections.
Upload:   112.315 Mbps ( 14.039 MBps), using 20 parallel connections.
Total measurements: 15
RPM:   524
Thu Jun 30 16:11:46 DST 2022
06-30-2022 20:11:46 UTC Go Responsiveness to rpm.obs.cr:4043...
Download: 265.181 Mbps ( 33.148 MBps), using 16 parallel connections.
Upload:   119.265 Mbps ( 14.908 MBps), using 20 parallel connections.
Total measurements: 15
RPM:   611
Thu Jun 30 16:12:00 DST 2022
06-30-2022 20:12:01 UTC Go Responsiveness to rpm.obs.cr:4043...
Download: 218.502 Mbps ( 27.313 MBps), using 16 parallel connections.
Upload:   113.913 Mbps ( 14.239 MBps), using 20 parallel connections.
Total measurements: 15
RPM:   631
Thu Jun 30 16:12:14 DST 2022
06-30-2022 20:12:15 UTC Go Responsiveness to rpm.obs.cr:4043...
Download: 225.447 Mbps ( 28.181 MBps), using 12 parallel connections.
Upload:   123.929 Mbps ( 15.491 MBps), using 20 parallel connections.
Total measurements: 15
RPM:   589
Thu Jun 30 16:12:29 DST 2022
06-30-2022 20:12:29 UTC Go Responsiveness to rpm.obs.cr:4043...
Download: 269.622 Mbps ( 33.703 MBps), using 16 parallel connections.
Upload:   121.609 Mbps ( 15.201 MBps), using 20 parallel connections.
Total measurements: 15
RPM:   598
Thu Jun 30 16:12:42 DST 2022
06-30-2022 20:12:42 UTC Go Responsiveness to rpm.obs.cr:4043...
Download: 246.301 Mbps ( 30.788 MBps), using 16 parallel connections.
Upload:   128.172 Mbps ( 16.022 MBps), using 32 parallel connections.
Total measurements: 15
RPM:   540
Thu Jun 30 16:13:00 DST 2022
06-30-2022 20:13:00 UTC Go Responsiveness to rpm.obs.cr:4043...
Download: 198.845 Mbps ( 24.856 MBps), using 12 parallel connections.
Upload:   127.637 Mbps ( 15.955 MBps), using 20 parallel connections.
Total measurements: 15
RPM:   202
Thu Jun 30 16:13:16 DST 2022
06-30-2022 20:13:16 UTC Go Responsiveness to rpm.obs.cr:4043...
Download: 247.267 Mbps ( 30.908 MBps), using 16 parallel connections.
Upload:   110.003 Mbps ( 13.750 MBps), using 20 parallel connections.
Total measurements: 15
RPM:   630
Thu Jun 30 16:13:30 DST 2022
06-30-2022 20:13:31 UTC Go Responsiveness to rpm.obs.cr:4043...
Download: 239.319 Mbps ( 29.915 MBps), using 16 parallel connections.
Upload:   123.735 Mbps ( 15.467 MBps), using 20 parallel connections.
Total measurements: 15
RPM:   584
Thu Jun 30 16:13:45 DST 2022
06-30-2022 20:13:45 UTC Go Responsiveness to rpm.obs.cr:4043...
Download: 235.809 Mbps ( 29.476 MBps), using 12 parallel connections.
Upload:   126.887 Mbps ( 15.861 MBps), using 24 parallel connections.
Total measurements: 15
RPM:   597
Thu Jun 30 16:13:59 DST 2022
06-30-2022 20:13:59 UTC Go Responsiveness to rpm.obs.cr:4043...
Download: 223.988 Mbps ( 27.998 MBps), using 12 parallel connections.
Upload:   126.928 Mbps ( 15.866 MBps), using 20 parallel connections.
Total measurements: 15
RPM:   658
Thu Jun 30 16:14:13 DST 2022
06-30-2022 20:14:13 UTC Go Responsiveness to rpm.obs.cr:4043...
Download: 217.913 Mbps ( 27.239 MBps), using 12 parallel connections.
Upload:   122.156 Mbps ( 15.270 MBps), using 20 parallel connections.
Total measurements: 15
RPM:   623
Thu Jun 30 16:14:26 DST 2022
06-30-2022 20:14:26 UTC Go Responsiveness to rpm.obs.cr:4043...
Download: 264.910 Mbps ( 33.114 MBps), using 12 parallel connections.
Upload:   116.000 Mbps ( 14.500 MBps), using 20 parallel connections.
Total measurements: 15
RPM:   619
Thu Jun 30 16:14:40 DST 2022
06-30-2022 20:14:40 UTC Go Responsiveness to rpm.obs.cr:4043...
Download: 249.987 Mbps ( 31.248 MBps), using 16 parallel connections.
Upload:   124.590 Mbps ( 15.574 MBps), using 24 parallel connections.
Total measurements: 15
RPM:   694
Thu Jun 30 16:14:53 DST 2022
06-30-2022 20:14:53 UTC Go Responsiveness to rpm.obs.cr:4043...
Download: 241.971 Mbps ( 30.246 MBps), using 16 parallel connections.
Upload:   114.808 Mbps ( 14.351 MBps), using 20 parallel connections.
Total measurements: 15
RPM:   640
Thu Jun 30 16:15:06 DST 2022
06-30-2022 20:15:06 UTC Go Responsiveness to rpm.obs.cr:4043...
Download: 255.316 Mbps ( 31.914 MBps), using 16 parallel connections.
Upload:   120.972 Mbps ( 15.122 MBps), using 20 parallel connections.
Total measurements: 15
RPM:   507
Thu Jun 30 16:15:20 DST 2022
06-30-2022 20:15:21 UTC Go Responsiveness to rpm.obs.cr:4043...
Download: 271.047 Mbps ( 33.881 MBps), using 16 parallel connections.
Upload:   115.026 Mbps ( 14.378 MBps), using 20 parallel connections.
Total measurements: 15
RPM:   629
Thu Jun 30 16:15:35 DST 2022
06-30-2022 20:15:35 UTC Go Responsiveness to rpm.obs.cr:4043...
Download: 255.901 Mbps ( 31.988 MBps), using 16 parallel connections.
Upload:   119.225 Mbps ( 14.903 MBps), using 20 parallel connections.
Total measurements: 15
RPM:   650
Thu Jun 30 16:15:49 DST 2022
06-30-2022 20:15:49 UTC Go Responsiveness to rpm.obs.cr:4043...
Download: 274.914 Mbps ( 34.364 MBps), using 16 parallel connections.
Upload:   120.143 Mbps ( 15.018 MBps), using 20 parallel connections.
Total measurements: 15
RPM:   650
Thu Jun 30 16:16:03 DST 2022
06-30-2022 20:16:03 UTC Go Responsiveness to rpm.obs.cr:4043...
Download: 243.062 Mbps ( 30.383 MBps), using 16 parallel connections.
Upload:   110.020 Mbps ( 13.752 MBps), using 20 parallel connections.
Total measurements: 15
RPM:   633
Thu Jun 30 16:16:16 DST 2022
06-30-2022 20:16:16 UTC Go Responsiveness to rpm.obs.cr:4043...
Download: 238.290 Mbps ( 29.786 MBps), using 16 parallel connections.
Upload:   115.299 Mbps ( 14.412 MBps), using 20 parallel connections.
Total measurements: 15
RPM:   602
Thu Jun 30 16:16:31 DST 2022
06-30-2022 20:16:31 UTC Go Responsiveness to rpm.obs.cr:4043...
Download: 236.028 Mbps ( 29.504 MBps), using 16 parallel connections.
Upload:   126.051 Mbps ( 15.756 MBps), using 24 parallel connections.
Total measurements: 15
RPM:   552
Thu Jun 30 16:16:46 DST 2022
06-30-2022 20:16:46 UTC Go Responsiveness to rpm.obs.cr:4043...
Download: 253.685 Mbps ( 31.711 MBps), using 12 parallel connections.
Upload:   117.451 Mbps ( 14.681 MBps), using 20 parallel connections.
Total measurements: 15
RPM:   598
Thu Jun 30 16:16:59 DST 2022
06-30-2022 20:16:59 UTC Go Responsiveness to rpm.obs.cr:4043...
Download: 279.294 Mbps ( 34.912 MBps), using 16 parallel connections.
Upload:   111.852 Mbps ( 13.982 MBps), using 20 parallel connections.
Total measurements: 15
RPM:   604
Thu Jun 30 16:17:13 DST 2022
06-30-2022 20:17:14 UTC Go Responsiveness to rpm.obs.cr:4043...
Download: 213.088 Mbps ( 26.636 MBps), using 12 parallel connections.
Upload:   118.650 Mbps ( 14.831 MBps), using 20 parallel connections.
Total measurements: 15
RPM:   642
Thu Jun 30 16:17:27 DST 2022
06-30-2022 20:17:28 UTC Go Responsiveness to rpm.obs.cr:4043...
Download: 271.268 Mbps ( 33.909 MBps), using 16 parallel connections.
Upload:   133.095 Mbps ( 16.637 MBps), using 24 parallel connections.
Total measurements: 15
RPM:   587
Thu Jun 30 16:17:42 DST 2022
06-30-2022 20:17:42 UTC Go Responsiveness to rpm.obs.cr:4043...
Download: 255.151 Mbps ( 31.894 MBps), using 16 parallel connections.
Upload:   115.386 Mbps ( 14.423 MBps), using 20 parallel connections.
Total measurements: 15
RPM:   701
Thu Jun 30 16:17:54 DST 2022
06-30-2022 20:17:55 UTC Go Responsiveness to rpm.obs.cr:4043...
Download: 255.155 Mbps ( 31.894 MBps), using 16 parallel connections.
Upload:   120.444 Mbps ( 15.055 MBps), using 24 parallel connections.
Total measurements: 15
RPM:   533
Thu Jun 30 16:18:09 DST 2022
06-30-2022 20:18:09 UTC Go Responsiveness to rpm.obs.cr:4043...
Download: 229.450 Mbps ( 28.681 MBps), using 16 parallel connections.
Upload:   114.346 Mbps ( 14.293 MBps), using 20 parallel connections.
Total measurements: 15
RPM:   591
Thu Jun 30 16:18:22 DST 2022
06-30-2022 20:18:22 UTC Go Responsiveness to rpm.obs.cr:4043...
Download: 239.802 Mbps ( 29.975 MBps), using 16 parallel connections.
Upload:    97.498 Mbps ( 12.187 MBps), using 20 parallel connections.
Total measurements: 15
RPM:   631
Thu Jun 30 16:18:37 DST 2022
06-30-2022 20:18:37 UTC Go Responsiveness to rpm.obs.cr:4043...
Download: 246.159 Mbps ( 30.770 MBps), using 16 parallel connections.
Upload:   128.441 Mbps ( 16.055 MBps), using 20 parallel connections.
Total measurements: 15
RPM:   641
Thu Jun 30 16:18:51 DST 2022
06-30-2022 20:18:51 UTC Go Responsiveness to rpm.obs.cr:4043...
Download: 211.614 Mbps ( 26.452 MBps), using 16 parallel connections.
Upload:   125.873 Mbps ( 15.734 MBps), using 24 parallel connections.
Total measurements: 15
RPM:   573
Thu Jun 30 16:19:05 DST 2022
06-30-2022 20:19:05 UTC Go Responsiveness to rpm.obs.cr:4043...
Download: 244.705 Mbps ( 30.588 MBps), using 12 parallel connections.
Upload:   119.590 Mbps ( 14.949 MBps), using 20 parallel connections.
Total measurements: 15
RPM:   435
Thu Jun 30 16:19:25 DST 2022
06-30-2022 20:19:25 UTC Go Responsiveness to rpm.obs.cr:4043...
Download: 243.476 Mbps ( 30.435 MBps), using 16 parallel connections.
Upload:   130.512 Mbps ( 16.314 MBps), using 20 parallel connections.
Total measurements: 15
RPM:   588
Thu Jun 30 16:19:38 DST 2022
06-30-2022 20:19:38 UTC Go Responsiveness to rpm.obs.cr:4043...
Download: 231.158 Mbps ( 28.895 MBps), using 16 parallel connections.
Upload:   128.978 Mbps ( 16.122 MBps), using 20 parallel connections.
Total measurements: 15
RPM:   517
Thu Jun 30 16:19:51 DST 2022
06-30-2022 20:19:52 UTC Go Responsiveness to rpm.obs.cr:4043...
Download: 222.171 Mbps ( 27.771 MBps), using 12 parallel connections.
Upload:   121.885 Mbps ( 15.236 MBps), using 20 parallel connections.
Total measurements: 15
RPM:   664
Thu Jun 30 16:20:05 DST 2022
06-30-2022 20:20:06 UTC Go Responsiveness to rpm.obs.cr:4043...
Download: 269.415 Mbps ( 33.677 MBps), using 16 parallel connections.
Upload:   119.090 Mbps ( 14.886 MBps), using 24 parallel connections.
Total measurements: 15
RPM:   593
Thu Jun 30 16:20:20 DST 2022
06-30-2022 20:20:20 UTC Go Responsiveness to rpm.obs.cr:4043...
Download: 253.062 Mbps ( 31.633 MBps), using 16 parallel connections.
Upload:   123.474 Mbps ( 15.434 MBps), using 20 parallel connections.
Total measurements: 15
RPM:   502
Thu Jun 30 16:20:33 DST 2022
06-30-2022 20:20:33 UTC Go Responsiveness to rpm.obs.cr:4043...
Download: 233.676 Mbps ( 29.209 MBps), using 16 parallel connections.
Upload:   119.593 Mbps ( 14.949 MBps), using 24 parallel connections.
Total measurements: 15
RPM:   630
Thu Jun 30 16:20:47 DST 2022
06-30-2022 20:20:47 UTC Go Responsiveness to rpm.obs.cr:4043...
Download: 235.630 Mbps ( 29.454 MBps), using 16 parallel connections.
Upload:   118.870 Mbps ( 14.859 MBps), using 20 parallel connections.
Total measurements: 15
RPM:   682
Thu Jun 30 16:21:00 DST 2022
06-30-2022 20:21:00 UTC Go Responsiveness to rpm.obs.cr:4043...
Download: 214.364 Mbps ( 26.796 MBps), using 12 parallel connections.
Upload:   122.697 Mbps ( 15.337 MBps), using 24 parallel connections.
Total measurements: 15
RPM:   565
Thu Jun 30 16:21:14 DST 2022
06-30-2022 20:21:15 UTC Go Responsiveness to rpm.obs.cr:4043...
Download: 235.561 Mbps ( 29.445 MBps), using 16 parallel connections.
Upload:   109.170 Mbps ( 13.646 MBps), using 20 parallel connections.
Total measurements: 15
RPM:   551
Thu Jun 30 16:21:29 DST 2022
06-30-2022 20:21:29 UTC Go Responsiveness to rpm.obs.cr:4043...
Download: 232.551 Mbps ( 29.069 MBps), using 16 parallel connections.
Upload:   118.255 Mbps ( 14.782 MBps), using 24 parallel connections.
Total measurements: 15
RPM:   599
Thu Jun 30 16:21:44 DST 2022
06-30-2022 20:21:44 UTC Go Responsiveness to rpm.obs.cr:4043...
Download: 218.813 Mbps ( 27.352 MBps), using 12 parallel connections.
Upload:   127.948 Mbps ( 15.994 MBps), using 24 parallel connections.
Total measurements: 15
RPM:   569
Thu Jun 30 16:21:58 DST 2022
06-30-2022 20:21:58 UTC Go Responsiveness to rpm.obs.cr:4043...
Download: 260.495 Mbps ( 32.562 MBps), using 16 parallel connections.
Upload:   132.017 Mbps ( 16.502 MBps), using 36 parallel connections.
Total measurements: 15
RPM:   597
Thu Jun 30 16:22:18 DST 2022
06-30-2022 20:22:18 UTC Go Responsiveness to rpm.obs.cr:4043...
Thu Jun 30 16:22:48 DST 2022
06-30-2022 20:22:48 UTC Go Responsiveness to rpm.obs.cr:4043...
Download: 245.448 Mbps ( 30.681 MBps), using 16 parallel connections.
Upload:   118.912 Mbps ( 14.864 MBps), using 20 parallel connections.
Total measurements: 15
RPM:   605
