Thu Jun 30 17:26:34 DST 2022
06-30-2022 21:26:34 UTC Go Responsiveness to rpm.obs.cr:4043...
Download:  54.755 Mbps (  6.844 MBps), using 12 parallel connections.
Upload:    47.063 Mbps (  5.883 MBps), using 16 parallel connections.
Total measurements: 15
RPM:   227
Thu Jun 30 17:26:49 DST 2022
06-30-2022 21:26:49 UTC Go Responsiveness to rpm.obs.cr:4043...
Download:  55.873 Mbps (  6.984 MBps), using 16 parallel connections.
Upload:    46.802 Mbps (  5.850 MBps), using 16 parallel connections.
Total measurements: 15
RPM:   303
Thu Jun 30 17:27:02 DST 2022
06-30-2022 21:27:02 UTC Go Responsiveness to rpm.obs.cr:4043...
Download:  66.402 Mbps (  8.300 MBps), using 20 parallel connections.
Upload:    40.060 Mbps (  5.007 MBps), using 16 parallel connections.
Total measurements: 15
RPM:   213
Thu Jun 30 17:27:17 DST 2022
06-30-2022 21:27:17 UTC Go Responsiveness to rpm.obs.cr:4043...
Download:  56.342 Mbps (  7.043 MBps), using 16 parallel connections.
Upload:    50.530 Mbps (  6.316 MBps), using 16 parallel connections.
Total measurements: 15
RPM:   272
Thu Jun 30 17:27:30 DST 2022
06-30-2022 21:27:30 UTC Go Responsiveness to rpm.obs.cr:4043...
Download:  56.651 Mbps (  7.081 MBps), using 16 parallel connections.
Upload:    46.181 Mbps (  5.773 MBps), using 16 parallel connections.
Total measurements: 15
RPM:   263
Thu Jun 30 17:27:44 DST 2022
06-30-2022 21:27:44 UTC Go Responsiveness to rpm.obs.cr:4043...
Download:  65.300 Mbps (  8.162 MBps), using 24 parallel connections.
Upload:    48.840 Mbps (  6.105 MBps), using 16 parallel connections.
Total measurements: 15
RPM:   139
Thu Jun 30 17:28:04 DST 2022
06-30-2022 21:28:05 UTC Go Responsiveness to rpm.obs.cr:4043...
Thu Jun 30 17:28:35 DST 2022
06-30-2022 21:28:35 UTC Go Responsiveness to rpm.obs.cr:4043...
Download:  66.029 Mbps (  8.254 MBps), using 28 parallel connections.
Upload:    43.585 Mbps (  5.448 MBps), using 16 parallel connections.
Total measurements: 15
RPM:   139
Thu Jun 30 17:28:54 DST 2022
06-30-2022 21:28:54 UTC Go Responsiveness to rpm.obs.cr:4043...
Download:  61.834 Mbps (  7.729 MBps), using 16 parallel connections.
Upload:    41.281 Mbps (  5.160 MBps), using 16 parallel connections.
Total measurements: 15
RPM:   175
Thu Jun 30 17:29:11 DST 2022
06-30-2022 21:29:11 UTC Go Responsiveness to rpm.obs.cr:4043...
Download:  61.043 Mbps (  7.630 MBps), using 20 parallel connections.
Upload:    42.153 Mbps (  5.269 MBps), using 16 parallel connections.
Total measurements: 15
RPM:   205
Thu Jun 30 17:29:25 DST 2022
06-30-2022 21:29:25 UTC Go Responsiveness to rpm.obs.cr:4043...
Download:  52.931 Mbps (  6.616 MBps), using 16 parallel connections.
Upload:    49.375 Mbps (  6.172 MBps), using 16 parallel connections.
Total measurements: 15
RPM:   215
Thu Jun 30 17:29:40 DST 2022
06-30-2022 21:29:40 UTC Go Responsiveness to rpm.obs.cr:4043...
Download:  59.257 Mbps (  7.407 MBps), using 16 parallel connections.
Upload:    40.824 Mbps (  5.103 MBps), using 16 parallel connections.
Total measurements: 15
RPM:   200
Thu Jun 30 17:29:55 DST 2022
06-30-2022 21:29:55 UTC Go Responsiveness to rpm.obs.cr:4043...
Download:  62.236 Mbps (  7.780 MBps), using 24 parallel connections.
Upload:    43.058 Mbps (  5.382 MBps), using 16 parallel connections.
Total measurements: 15
RPM:   177
Thu Jun 30 17:30:13 DST 2022
06-30-2022 21:30:13 UTC Go Responsiveness to rpm.obs.cr:4043...
Download:  59.041 Mbps (  7.380 MBps), using 20 parallel connections.
Upload:    48.709 Mbps (  6.089 MBps), using 16 parallel connections.
Total measurements: 15
RPM:   183
Thu Jun 30 17:30:27 DST 2022
06-30-2022 21:30:27 UTC Go Responsiveness to rpm.obs.cr:4043...
Download:  66.934 Mbps (  8.367 MBps), using 28 parallel connections.
Upload:    46.242 Mbps (  5.780 MBps), using 20 parallel connections.
Total measurements: 15
RPM:   141
Thu Jun 30 17:30:49 DST 2022
06-30-2022 21:30:49 UTC Go Responsiveness to rpm.obs.cr:4043...
Download:  66.370 Mbps (  8.296 MBps), using 24 parallel connections.
Upload:    42.388 Mbps (  5.299 MBps), using 16 parallel connections.
Total measurements: 15
RPM:   144
Thu Jun 30 17:31:10 DST 2022
06-30-2022 21:31:10 UTC Go Responsiveness to rpm.obs.cr:4043...
Download:  54.148 Mbps (  6.769 MBps), using 12 parallel connections.
Upload:    51.190 Mbps (  6.399 MBps), using 20 parallel connections.
Total measurements: 15
RPM:   266
Thu Jun 30 17:31:24 DST 2022
06-30-2022 21:31:24 UTC Go Responsiveness to rpm.obs.cr:4043...
Download:  52.371 Mbps (  6.546 MBps), using 16 parallel connections.
Upload:    52.060 Mbps (  6.508 MBps), using 16 parallel connections.
Total measurements: 15
RPM:   160
Thu Jun 30 17:31:39 DST 2022
06-30-2022 21:31:39 UTC Go Responsiveness to rpm.obs.cr:4043...
Download:  60.046 Mbps (  7.506 MBps), using 16 parallel connections.
Upload:    43.814 Mbps (  5.477 MBps), using 16 parallel connections.
Total measurements: 15
RPM:   203
Thu Jun 30 17:31:55 DST 2022
06-30-2022 21:31:55 UTC Go Responsiveness to rpm.obs.cr:4043...
Download:  67.364 Mbps (  8.420 MBps), using 24 parallel connections.
Upload:    49.636 Mbps (  6.204 MBps), using 16 parallel connections.
Total measurements: 15
RPM:   174
Thu Jun 30 17:32:16 DST 2022
06-30-2022 21:32:16 UTC Go Responsiveness to rpm.obs.cr:4043...
Download:  59.669 Mbps (  7.459 MBps), using 12 parallel connections.
Upload:    48.351 Mbps (  6.044 MBps), using 16 parallel connections.
Total measurements: 15
RPM:   287
Thu Jun 30 17:32:29 DST 2022
06-30-2022 21:32:29 UTC Go Responsiveness to rpm.obs.cr:4043...
Download:  69.343 Mbps (  8.668 MBps), using 28 parallel connections.
Upload:    42.146 Mbps (  5.268 MBps), using 16 parallel connections.
Total measurements: 15
RPM:   169
Thu Jun 30 17:32:49 DST 2022
06-30-2022 21:32:49 UTC Go Responsiveness to rpm.obs.cr:4043...
Download:  71.613 Mbps (  8.952 MBps), using 28 parallel connections.
Upload:    39.897 Mbps (  4.987 MBps), using 16 parallel connections.
Total measurements: 15
RPM:   155
Thu Jun 30 17:33:09 DST 2022
06-30-2022 21:33:09 UTC Go Responsiveness to rpm.obs.cr:4043...
Download:  62.366 Mbps (  7.796 MBps), using 24 parallel connections.
Upload:    44.908 Mbps (  5.614 MBps), using 16 parallel connections.
Total measurements: 15
RPM:   162
Thu Jun 30 17:33:29 DST 2022
06-30-2022 21:33:29 UTC Go Responsiveness to rpm.obs.cr:4043...
Download:  65.380 Mbps (  8.172 MBps), using 20 parallel connections.
Upload:    41.033 Mbps (  5.129 MBps), using 16 parallel connections.
Total measurements: 15
RPM:   200
Thu Jun 30 17:33:43 DST 2022
06-30-2022 21:33:43 UTC Go Responsiveness to rpm.obs.cr:4043...
Download:  57.865 Mbps (  7.233 MBps), using 16 parallel connections.
Upload:    39.146 Mbps (  4.893 MBps), using 16 parallel connections.
Total measurements: 15
RPM:   232
Thu Jun 30 17:33:58 DST 2022
06-30-2022 21:33:58 UTC Go Responsiveness to rpm.obs.cr:4043...
Download:  70.474 Mbps (  8.809 MBps), using 28 parallel connections.
Upload:    40.126 Mbps (  5.016 MBps), using 16 parallel connections.
Total measurements: 15
RPM:   167
Thu Jun 30 17:34:18 DST 2022
06-30-2022 21:34:18 UTC Go Responsiveness to rpm.obs.cr:4043...
Download:  57.507 Mbps (  7.188 MBps), using 16 parallel connections.
Upload:    44.735 Mbps (  5.592 MBps), using 16 parallel connections.
Total measurements: 15
RPM:   213
Thu Jun 30 17:34:32 DST 2022
06-30-2022 21:34:32 UTC Go Responsiveness to rpm.obs.cr:4043...
Download:  56.157 Mbps (  7.020 MBps), using 16 parallel connections.
Upload:    48.528 Mbps (  6.066 MBps), using 16 parallel connections.
Total measurements: 15
RPM:   167
Thu Jun 30 17:34:48 DST 2022
06-30-2022 21:34:49 UTC Go Responsiveness to rpm.obs.cr:4043...
Download:  57.888 Mbps (  7.236 MBps), using 16 parallel connections.
Upload:    45.459 Mbps (  5.682 MBps), using 16 parallel connections.
Total measurements: 15
RPM:   203
Thu Jun 30 17:35:03 DST 2022
06-30-2022 21:35:04 UTC Go Responsiveness to rpm.obs.cr:4043...
Download:  55.833 Mbps (  6.979 MBps), using 16 parallel connections.
Upload:    45.379 Mbps (  5.672 MBps), using 16 parallel connections.
Total measurements: 15
RPM:   181
Thu Jun 30 17:35:19 DST 2022
06-30-2022 21:35:19 UTC Go Responsiveness to rpm.obs.cr:4043...
Download:  66.247 Mbps (  8.281 MBps), using 16 parallel connections.
Upload:    36.683 Mbps (  4.585 MBps), using 16 parallel connections.
Total measurements: 15
RPM:   272
Thu Jun 30 17:35:33 DST 2022
06-30-2022 21:35:33 UTC Go Responsiveness to rpm.obs.cr:4043...
Download:  48.355 Mbps (  6.044 MBps), using 12 parallel connections.
Upload:    46.189 Mbps (  5.774 MBps), using 16 parallel connections.
Total measurements: 15
RPM:   241
Thu Jun 30 17:35:46 DST 2022
06-30-2022 21:35:46 UTC Go Responsiveness to rpm.obs.cr:4043...
Download:  58.691 Mbps (  7.336 MBps), using 12 parallel connections.
Upload:    46.498 Mbps (  5.812 MBps), using 16 parallel connections.
Total measurements: 15
RPM:   283
Thu Jun 30 17:36:00 DST 2022
06-30-2022 21:36:00 UTC Go Responsiveness to rpm.obs.cr:4043...
Download:  60.677 Mbps (  7.585 MBps), using 24 parallel connections.
Upload:    43.636 Mbps (  5.454 MBps), using 16 parallel connections.
Total measurements: 15
RPM:   176
Thu Jun 30 17:36:18 DST 2022
06-30-2022 21:36:18 UTC Go Responsiveness to rpm.obs.cr:4043...
Download:  64.083 Mbps (  8.010 MBps), using 24 parallel connections.
Upload:    40.165 Mbps (  5.021 MBps), using 16 parallel connections.
Total measurements: 15
RPM:   171
Thu Jun 30 17:36:36 DST 2022
06-30-2022 21:36:36 UTC Go Responsiveness to rpm.obs.cr:4043...
Download:  60.437 Mbps (  7.555 MBps), using 24 parallel connections.
Upload:    46.543 Mbps (  5.818 MBps), using 16 parallel connections.
Total measurements: 15
RPM:   143
Thu Jun 30 17:36:57 DST 2022
06-30-2022 21:36:57 UTC Go Responsiveness to rpm.obs.cr:4043...
Download:  66.664 Mbps (  8.333 MBps), using 24 parallel connections.
Upload:    45.092 Mbps (  5.636 MBps), using 16 parallel connections.
Total measurements: 15
RPM:   162
Thu Jun 30 17:37:16 DST 2022
06-30-2022 21:37:16 UTC Go Responsiveness to rpm.obs.cr:4043...
Download:  68.993 Mbps (  8.624 MBps), using 28 parallel connections.
Upload:    39.037 Mbps (  4.880 MBps), using 16 parallel connections.
Total measurements: 15
RPM:   181
Thu Jun 30 17:37:35 DST 2022
06-30-2022 21:37:35 UTC Go Responsiveness to rpm.obs.cr:4043...
Download:  55.498 Mbps (  6.937 MBps), using 16 parallel connections.
Upload:    50.579 Mbps (  6.322 MBps), using 16 parallel connections.
Total measurements: 15
RPM:   193
Thu Jun 30 17:37:49 DST 2022
06-30-2022 21:37:49 UTC Go Responsiveness to rpm.obs.cr:4043...
Download:  75.848 Mbps (  9.481 MBps), using 44 parallel connections.
Upload:    44.929 Mbps (  5.616 MBps), using 16 parallel connections.
Total measurements: 15
RPM:   116
Thu Jun 30 17:38:18 DST 2022
06-30-2022 21:38:18 UTC Go Responsiveness to rpm.obs.cr:4043...
Download:  52.448 Mbps (  6.556 MBps), using 12 parallel connections.
Upload:    47.945 Mbps (  5.993 MBps), using 16 parallel connections.
Total measurements: 15
RPM:   272
Thu Jun 30 17:38:32 DST 2022
06-30-2022 21:38:32 UTC Go Responsiveness to rpm.obs.cr:4043...
Download:  57.089 Mbps (  7.136 MBps), using 16 parallel connections.
Upload:    46.243 Mbps (  5.780 MBps), using 16 parallel connections.
Total measurements: 15
RPM:   196
Thu Jun 30 17:38:47 DST 2022
06-30-2022 21:38:47 UTC Go Responsiveness to rpm.obs.cr:4043...
Download:  66.947 Mbps (  8.368 MBps), using 28 parallel connections.
Upload:    46.858 Mbps (  5.857 MBps), using 16 parallel connections.
Total measurements: 15
RPM:   186
Thu Jun 30 17:39:08 DST 2022
06-30-2022 21:39:08 UTC Go Responsiveness to rpm.obs.cr:4043...
Download:  66.541 Mbps (  8.318 MBps), using 24 parallel connections.
Upload:    40.143 Mbps (  5.018 MBps), using 16 parallel connections.
Total measurements: 15
RPM:   139
Thu Jun 30 17:39:26 DST 2022
06-30-2022 21:39:26 UTC Go Responsiveness to rpm.obs.cr:4043...
Download:  55.478 Mbps (  6.935 MBps), using 16 parallel connections.
Upload:    48.366 Mbps (  6.046 MBps), using 16 parallel connections.
Total measurements: 15
RPM:   197
Thu Jun 30 17:39:41 DST 2022
06-30-2022 21:39:41 UTC Go Responsiveness to rpm.obs.cr:4043...
Download:  55.789 Mbps (  6.974 MBps), using 16 parallel connections.
Upload:    47.956 Mbps (  5.994 MBps), using 16 parallel connections.
Total measurements: 15
RPM:   158
Thu Jun 30 17:39:58 DST 2022
06-30-2022 21:39:58 UTC Go Responsiveness to rpm.obs.cr:4043...
Download:  70.017 Mbps (  8.752 MBps), using 16 parallel connections.
Upload:    39.688 Mbps (  4.961 MBps), using 12 parallel connections.
Total measurements: 15
RPM:   240
Thu Jun 30 17:40:11 DST 2022
06-30-2022 21:40:11 UTC Go Responsiveness to rpm.obs.cr:4043...
Download:  62.788 Mbps (  7.849 MBps), using 20 parallel connections.
Upload:    37.718 Mbps (  4.715 MBps), using 16 parallel connections.
Total measurements: 15
RPM:   218
Thu Jun 30 17:40:26 DST 2022
06-30-2022 21:40:26 UTC Go Responsiveness to rpm.obs.cr:4043...
Download:  55.542 Mbps (  6.943 MBps), using 16 parallel connections.
Upload:    41.500 Mbps (  5.188 MBps), using 16 parallel connections.
Total measurements: 15
RPM:   238
Thu Jun 30 17:40:40 DST 2022
06-30-2022 21:40:40 UTC Go Responsiveness to rpm.obs.cr:4043...
Download:  75.203 Mbps (  9.400 MBps), using 40 parallel connections.
Upload:    40.258 Mbps (  5.032 MBps), using 16 parallel connections.
Total measurements: 15
RPM:   141
Thu Jun 30 17:41:06 DST 2022
06-30-2022 21:41:06 UTC Go Responsiveness to rpm.obs.cr:4043...
Download:  56.337 Mbps (  7.042 MBps), using 16 parallel connections.
Upload:    43.479 Mbps (  5.435 MBps), using 16 parallel connections.
Total measurements: 15
RPM:   173
Thu Jun 30 17:41:21 DST 2022
06-30-2022 21:41:22 UTC Go Responsiveness to rpm.obs.cr:4043...
Download:  56.372 Mbps (  7.047 MBps), using 16 parallel connections.
Upload:    46.077 Mbps (  5.760 MBps), using 16 parallel connections.
Total measurements: 15
RPM:   259
Thu Jun 30 17:41:35 DST 2022
06-30-2022 21:41:35 UTC Go Responsiveness to rpm.obs.cr:4043...
Download:  51.569 Mbps (  6.446 MBps), using 12 parallel connections.
Upload:    51.839 Mbps (  6.480 MBps), using 16 parallel connections.
Total measurements: 15
RPM:   228
Thu Jun 30 17:41:50 DST 2022
06-30-2022 21:41:50 UTC Go Responsiveness to rpm.obs.cr:4043...
Download:  69.042 Mbps (  8.630 MBps), using 28 parallel connections.
Upload:    41.213 Mbps (  5.152 MBps), using 16 parallel connections.
Total measurements: 15
RPM:   149
Thu Jun 30 17:42:09 DST 2022
06-30-2022 21:42:09 UTC Go Responsiveness to rpm.obs.cr:4043...
Download:  53.256 Mbps (  6.657 MBps), using 16 parallel connections.
Upload:    51.449 Mbps (  6.431 MBps), using 16 parallel connections.
Total measurements: 15
RPM:   204
Thu Jun 30 17:42:23 DST 2022
06-30-2022 21:42:23 UTC Go Responsiveness to rpm.obs.cr:4043...
Download:  57.532 Mbps (  7.191 MBps), using 16 parallel connections.
Upload:    45.091 Mbps (  5.636 MBps), using 16 parallel connections.
Total measurements: 15
RPM:   276
Thu Jun 30 17:42:37 DST 2022
06-30-2022 21:42:37 UTC Go Responsiveness to rpm.obs.cr:4043...
Download:  53.941 Mbps (  6.743 MBps), using 16 parallel connections.
Upload:    46.852 Mbps (  5.857 MBps), using 16 parallel connections.
Total measurements: 15
RPM:   239
Thu Jun 30 17:42:52 DST 2022
06-30-2022 21:42:52 UTC Go Responsiveness to rpm.obs.cr:4043...
Download:  64.954 Mbps (  8.119 MBps), using 24 parallel connections.
Upload:    44.821 Mbps (  5.603 MBps), using 16 parallel connections.
Total measurements: 15
RPM:   170
Thu Jun 30 17:43:11 DST 2022
06-30-2022 21:43:11 UTC Go Responsiveness to rpm.obs.cr:4043...
Download:  56.873 Mbps (  7.109 MBps), using 16 parallel connections.
Upload:    46.617 Mbps (  5.827 MBps), using 16 parallel connections.
Total measurements: 15
RPM:   168
Thu Jun 30 17:43:27 DST 2022
06-30-2022 21:43:27 UTC Go Responsiveness to rpm.obs.cr:4043...
Download:  57.394 Mbps (  7.174 MBps), using 16 parallel connections.
Upload:    42.770 Mbps (  5.346 MBps), using 16 parallel connections.
Total measurements: 15
RPM:   225
Thu Jun 30 17:43:41 DST 2022
06-30-2022 21:43:42 UTC Go Responsiveness to rpm.obs.cr:4043...
Download:  61.523 Mbps (  7.690 MBps), using 24 parallel connections.
Upload:    47.165 Mbps (  5.896 MBps), using 16 parallel connections.
Total measurements: 15
RPM:   188
Thu Jun 30 17:44:00 DST 2022
06-30-2022 21:44:00 UTC Go Responsiveness to rpm.obs.cr:4043...
Download:  65.139 Mbps (  8.142 MBps), using 20 parallel connections.
Upload:    38.198 Mbps (  4.775 MBps), using 16 parallel connections.
Total measurements: 15
RPM:   165
Thu Jun 30 17:44:17 DST 2022
06-30-2022 21:44:17 UTC Go Responsiveness to rpm.obs.cr:4043...
Download:  56.398 Mbps (  7.050 MBps), using 16 parallel connections.
Upload:    45.820 Mbps (  5.728 MBps), using 16 parallel connections.
Total measurements: 15
RPM:   229
Thu Jun 30 17:44:31 DST 2022
06-30-2022 21:44:32 UTC Go Responsiveness to rpm.obs.cr:4043...
Download:  71.000 Mbps (  8.875 MBps), using 28 parallel connections.
Upload:    46.740 Mbps (  5.842 MBps), using 16 parallel connections.
Total measurements: 15
RPM:   126
Thu Jun 30 17:44:55 DST 2022
06-30-2022 21:44:55 UTC Go Responsiveness to rpm.obs.cr:4043...
Download:  69.638 Mbps (  8.705 MBps), using 28 parallel connections.
Upload:    38.830 Mbps (  4.854 MBps), using 16 parallel connections.
Total measurements: 15
RPM:   168
Thu Jun 30 17:45:14 DST 2022
06-30-2022 21:45:14 UTC Go Responsiveness to rpm.obs.cr:4043...
Download:  63.460 Mbps (  7.932 MBps), using 20 parallel connections.
Upload:    47.069 Mbps (  5.884 MBps), using 16 parallel connections.
Total measurements: 15
RPM:   181
Thu Jun 30 17:45:29 DST 2022
06-30-2022 21:45:29 UTC Go Responsiveness to rpm.obs.cr:4043...
Download:  56.716 Mbps (  7.090 MBps), using 16 parallel connections.
Upload:    47.238 Mbps (  5.905 MBps), using 16 parallel connections.
Total measurements: 15
RPM:   231
Thu Jun 30 17:45:43 DST 2022
06-30-2022 21:45:44 UTC Go Responsiveness to rpm.obs.cr:4043...
Download:  55.315 Mbps (  6.914 MBps), using 16 parallel connections.
Upload:    46.996 Mbps (  5.875 MBps), using 16 parallel connections.
Total measurements: 15
RPM:   191
Thu Jun 30 17:45:58 DST 2022
06-30-2022 21:45:58 UTC Go Responsiveness to rpm.obs.cr:4043...
Download:  54.956 Mbps (  6.869 MBps), using 12 parallel connections.
Upload:    46.615 Mbps (  5.827 MBps), using 16 parallel connections.
Total measurements: 15
RPM:   225
Thu Jun 30 17:46:12 DST 2022
06-30-2022 21:46:12 UTC Go Responsiveness to rpm.obs.cr:4043...
Download:  77.364 Mbps (  9.671 MBps), using 44 parallel connections.
Upload:    45.612 Mbps (  5.702 MBps), using 16 parallel connections.
Total measurements: 12
RPM:   109
Thu Jun 30 17:46:41 DST 2022
06-30-2022 21:46:41 UTC Go Responsiveness to rpm.obs.cr:4043...
Download:  57.526 Mbps (  7.191 MBps), using 16 parallel connections.
Upload:    46.913 Mbps (  5.864 MBps), using 16 parallel connections.
Total measurements: 15
RPM:   279
Thu Jun 30 17:46:55 DST 2022
06-30-2022 21:46:55 UTC Go Responsiveness to rpm.obs.cr:4043...
Download:  65.391 Mbps (  8.174 MBps), using 16 parallel connections.
Upload:    40.221 Mbps (  5.028 MBps), using 12 parallel connections.
Total measurements: 15
RPM:   241
Thu Jun 30 17:47:07 DST 2022
06-30-2022 21:47:08 UTC Go Responsiveness to rpm.obs.cr:4043...
Download:  55.948 Mbps (  6.994 MBps), using 16 parallel connections.
Upload:    46.785 Mbps (  5.848 MBps), using 16 parallel connections.
Total measurements: 15
RPM:   207
Thu Jun 30 17:47:22 DST 2022
06-30-2022 21:47:22 UTC Go Responsiveness to rpm.obs.cr:4043...
Download:  67.423 Mbps (  8.428 MBps), using 28 parallel connections.
Upload:    35.918 Mbps (  4.490 MBps), using 16 parallel connections.
Total measurements: 15
RPM:   150
Thu Jun 30 17:47:43 DST 2022
06-30-2022 21:47:43 UTC Go Responsiveness to rpm.obs.cr:4043...
Download:  55.645 Mbps (  6.956 MBps), using 16 parallel connections.
Upload:    47.132 Mbps (  5.891 MBps), using 16 parallel connections.
Total measurements: 15
RPM:   217
Thu Jun 30 17:47:58 DST 2022
06-30-2022 21:47:58 UTC Go Responsiveness to rpm.obs.cr:4043...
Download:  55.293 Mbps (  6.912 MBps), using 16 parallel connections.
Upload:    44.272 Mbps (  5.534 MBps), using 16 parallel connections.
Total measurements: 15
RPM:   251
Thu Jun 30 17:48:12 DST 2022
06-30-2022 21:48:12 UTC Go Responsiveness to rpm.obs.cr:4043...
Download:  56.821 Mbps (  7.103 MBps), using 16 parallel connections.
Upload:    46.391 Mbps (  5.799 MBps), using 16 parallel connections.
Total measurements: 15
RPM:   233
Thu Jun 30 17:48:26 DST 2022
06-30-2022 21:48:27 UTC Go Responsiveness to rpm.obs.cr:4043...
Download:  60.007 Mbps (  7.501 MBps), using 16 parallel connections.
Upload:    44.060 Mbps (  5.507 MBps), using 16 parallel connections.
Total measurements: 15
RPM:   198
Thu Jun 30 17:48:42 DST 2022
06-30-2022 21:48:42 UTC Go Responsiveness to rpm.obs.cr:4043...
Download:  69.794 Mbps (  8.724 MBps), using 28 parallel connections.
Upload:    35.867 Mbps (  4.483 MBps), using 16 parallel connections.
Total measurements: 15
RPM:   156
Thu Jun 30 17:49:01 DST 2022
06-30-2022 21:49:01 UTC Go Responsiveness to rpm.obs.cr:4043...
Download:  65.160 Mbps (  8.145 MBps), using 20 parallel connections.
Upload:    41.916 Mbps (  5.240 MBps), using 16 parallel connections.
Total measurements: 15
RPM:   209
Thu Jun 30 17:49:15 DST 2022
06-30-2022 21:49:15 UTC Go Responsiveness to rpm.obs.cr:4043...
Download:  53.407 Mbps (  6.676 MBps), using 16 parallel connections.
Upload:    52.367 Mbps (  6.546 MBps), using 16 parallel connections.
Total measurements: 15
RPM:   198
Thu Jun 30 17:49:29 DST 2022
06-30-2022 21:49:29 UTC Go Responsiveness to rpm.obs.cr:4043...
Download:  55.705 Mbps (  6.963 MBps), using 12 parallel connections.
Upload:    49.657 Mbps (  6.207 MBps), using 16 parallel connections.
Total measurements: 15
RPM:   224
Thu Jun 30 17:49:44 DST 2022
06-30-2022 21:49:44 UTC Go Responsiveness to rpm.obs.cr:4043...
Download:  57.707 Mbps (  7.213 MBps), using 16 parallel connections.
Upload:    47.546 Mbps (  5.943 MBps), using 16 parallel connections.
Total measurements: 15
RPM:   194
Thu Jun 30 17:49:59 DST 2022
06-30-2022 21:49:59 UTC Go Responsiveness to rpm.obs.cr:4043...
Download:  57.942 Mbps (  7.243 MBps), using 16 parallel connections.
Upload:    48.128 Mbps (  6.016 MBps), using 16 parallel connections.
Total measurements: 15
RPM:   271
Thu Jun 30 17:50:13 DST 2022
06-30-2022 21:50:13 UTC Go Responsiveness to rpm.obs.cr:4043...
Download:  68.779 Mbps (  8.597 MBps), using 24 parallel connections.
Upload:    38.711 Mbps (  4.839 MBps), using 16 parallel connections.
Total measurements: 15
RPM:   166
Thu Jun 30 17:50:31 DST 2022
06-30-2022 21:50:31 UTC Go Responsiveness to rpm.obs.cr:4043...
Download:  63.726 Mbps (  7.966 MBps), using 24 parallel connections.
Upload:    47.287 Mbps (  5.911 MBps), using 16 parallel connections.
Total measurements: 15
RPM:   183
Thu Jun 30 17:50:51 DST 2022
06-30-2022 21:50:51 UTC Go Responsiveness to rpm.obs.cr:4043...
Download:  54.829 Mbps (  6.854 MBps), using 16 parallel connections.
Upload:    43.376 Mbps (  5.422 MBps), using 16 parallel connections.
Total measurements: 15
RPM:   207
Thu Jun 30 17:51:06 DST 2022
06-30-2022 21:51:06 UTC Go Responsiveness to rpm.obs.cr:4043...
Download:  67.869 Mbps (  8.484 MBps), using 28 parallel connections.
Upload:    43.700 Mbps (  5.463 MBps), using 16 parallel connections.
Total measurements: 15
RPM:   155
Thu Jun 30 17:51:26 DST 2022
06-30-2022 21:51:26 UTC Go Responsiveness to rpm.obs.cr:4043...
Download:  65.826 Mbps (  8.228 MBps), using 16 parallel connections.
Upload:    38.076 Mbps (  4.759 MBps), using 16 parallel connections.
Total measurements: 15
RPM:   186
Thu Jun 30 17:51:41 DST 2022
06-30-2022 21:51:41 UTC Go Responsiveness to rpm.obs.cr:4043...
Download:  69.577 Mbps (  8.697 MBps), using 24 parallel connections.
Upload:    37.609 Mbps (  4.701 MBps), using 16 parallel connections.
Total measurements: 15
RPM:   179
Thu Jun 30 17:51:59 DST 2022
06-30-2022 21:51:59 UTC Go Responsiveness to rpm.obs.cr:4043...
Download:  58.200 Mbps (  7.275 MBps), using 16 parallel connections.
Upload:    44.368 Mbps (  5.546 MBps), using 16 parallel connections.
Total measurements: 15
RPM:   202
Thu Jun 30 17:52:14 DST 2022
06-30-2022 21:52:14 UTC Go Responsiveness to rpm.obs.cr:4043...
Download:  68.434 Mbps (  8.554 MBps), using 16 parallel connections.
Upload:    36.979 Mbps (  4.622 MBps), using 12 parallel connections.
Total measurements: 15
RPM:   314
Thu Jun 30 17:52:27 DST 2022
06-30-2022 21:52:27 UTC Go Responsiveness to rpm.obs.cr:4043...
Download:  63.595 Mbps (  7.949 MBps), using 28 parallel connections.
Upload:    46.762 Mbps (  5.845 MBps), using 16 parallel connections.
Total measurements: 15
RPM:   154
Thu Jun 30 17:52:46 DST 2022
06-30-2022 21:52:46 UTC Go Responsiveness to rpm.obs.cr:4043...
Download:  56.111 Mbps (  7.014 MBps), using 16 parallel connections.
Upload:    46.100 Mbps (  5.762 MBps), using 16 parallel connections.
Total measurements: 15
RPM:   226
Thu Jun 30 17:53:01 DST 2022
06-30-2022 21:53:01 UTC Go Responsiveness to rpm.obs.cr:4043...
Download:  71.275 Mbps (  8.909 MBps), using 28 parallel connections.
Upload:    36.702 Mbps (  4.588 MBps), using 16 parallel connections.
Total measurements: 15
RPM:   185
Thu Jun 30 17:53:18 DST 2022
06-30-2022 21:53:19 UTC Go Responsiveness to rpm.obs.cr:4043...
Download:  61.705 Mbps (  7.713 MBps), using 20 parallel connections.
Upload:    42.197 Mbps (  5.275 MBps), using 16 parallel connections.
Total measurements: 15
RPM:   181
Thu Jun 30 17:53:33 DST 2022
06-30-2022 21:53:33 UTC Go Responsiveness to rpm.obs.cr:4043...
Thu Jun 30 17:54:03 DST 2022
06-30-2022 21:54:04 UTC Go Responsiveness to rpm.obs.cr:4043...
Thu Jun 30 17:54:33 DST 2022
06-30-2022 21:54:34 UTC Go Responsiveness to rpm.obs.cr:4043...
Download:  55.809 Mbps (  6.976 MBps), using 12 parallel connections.
Upload:    46.498 Mbps (  5.812 MBps), using 16 parallel connections.
Total measurements: 15
RPM:   303
